verilator -cc --exe -x-assign fast -Wall --assert --coverage-line -Wno-WIDTHEXPAND -Wno-BLKSEQ -Wno-VARHIDDEN -Wno-WIDTHTRUNC -Wno-UNUSEDSIGNAL -f input.vc top_module.v sim-main.cpp rfuzz-harness.cpp
- V e r i l a t i o n   R e p o r t: Verilator 5.032 2025-01-01 rev UNKNOWN.REV
- Verilator: Built from 0.000 MB sources in 0 modules, into 0.000 MB in 0 C++ files needing 0.000 MB
- Verilator: Walltime 0.001 s (elab=0.000, cvt=0.000, bld=0.000); cpu 0.001 s on 1 threads
cd obj_dir && make -f Vtop_module.mk
make[1]: Nothing to be done for `default'.
obj_dir/Vtop_module
input_vars:
top->in = 0x1
top->resetn = 0x1
At 0 clock cycle of 8, top->out = 0x0, expected = 0x1
input_vars:
top->in = 0x1
top->resetn = 0x1
At 2 clock cycle of 8, top->out = 0x0, expected = 0x1
input_vars:
top->in = 0x0
top->resetn = 0x1
At 3 clock cycle of 8, top->out = 0x1, expected = 0x0
input_vars:
top->in = 0x1
top->resetn = 0x1
At 4 clock cycle of 8, top->out = 0x0, expected = 0x1
input_vars:
top->in = 0x0
top->resetn = 0x1
At 5 clock cycle of 8, top->out = 0x1, expected = 0x0
input_vars:
top->in = 0x1
top->resetn = 0x1
At 6 clock cycle of 8, top->out = 0x0, expected = 0x1
input_vars:
top->in = 0x0
top->resetn = 0x1
At 7 clock cycle of 8, top->out = 0x1, expected = 0x0
Test failed,unpass = 7 for scenario BasicShiftOperation
input_vars:
top->in = 0x1
top->resetn = 0x1
At 0 clock cycle of 4, top->out = 0x0, expected = 0x1
input_vars:
top->in = 0x1
top->resetn = 0x1
At 1 clock cycle of 4, top->out = 0x0, expected = 0x1
input_vars:
top->in = 0x1
top->resetn = 0x1
At 2 clock cycle of 4, top->out = 0x0, expected = 0x1
input_vars:
top->in = 0x1
top->resetn = 0x1
At 0 clock cycle of 4, top->out = 0x0, expected = 0x1
input_vars:
top->in = 0x1
top->resetn = 0x1
At 1 clock cycle of 4, top->out = 0x0, expected = 0x1
input_vars:
top->in = 0x1
top->resetn = 0x1
At 2 clock cycle of 4, top->out = 0x0, expected = 0x1
Test failed,unpass = 6 for scenario ResetOperation
input_vars:
top->in = 0x1
top->resetn = 0x1
At 0 clock cycle of 8, top->out = 0x0, expected = 0x1
input_vars:
top->in = 0x1
top->resetn = 0x1
At 1 clock cycle of 8, top->out = 0x0, expected = 0x1
input_vars:
top->in = 0x0
top->resetn = 0x1
At 3 clock cycle of 8, top->out = 0x1, expected = 0x0
input_vars:
top->in = 0x1
top->resetn = 0x1
At 5 clock cycle of 8, top->out = 0x0, expected = 0x1
input_vars:
top->in = 0x0
top->resetn = 0x1
At 7 clock cycle of 8, top->out = 0x1, expected = 0x0
Test failed,unpass = 5 for scenario ContinuousInputStream
input_vars:
top->in = 0x1
top->resetn = 0x1
At 0 clock cycle of 6, top->out = 0x0, expected = 0x1
input_vars:
top->in = 0x1
top->resetn = 0x1
At 2 clock cycle of 6, top->out = 0x0, expected = 0x1
input_vars:
top->in = 0x0
top->resetn = 0x1
At 3 clock cycle of 6, top->out = 0x1, expected = 0x0
input_vars:
top->in = 0x1
top->resetn = 0x1
At 4 clock cycle of 6, top->out = 0x0, expected = 0x1
input_vars:
top->in = 0x0
top->resetn = 0x1
At 5 clock cycle of 6, top->out = 0x1, expected = 0x0
Test failed,unpass = 5 for scenario ResetRelease
input_vars:
top->in = 0x1
top->resetn = 0x1
At 1 clock cycle of 6, top->out = 0x0, expected = 0x1
input_vars:
top->in = 0x1
top->resetn = 0x1
At 3 clock cycle of 6, top->out = 0x0, expected = 0x1
input_vars:
top->in = 0x0
top->resetn = 0x1
At 4 clock cycle of 6, top->out = 0x1, expected = 0x0
input_vars:
top->in = 0x1
top->resetn = 0x1
At 5 clock cycle of 6, top->out = 0x0, expected = 0x1
Test failed,unpass = 4 for scenario SetupTimeVerification
input_vars:
top->in = 0x1
top->resetn = 0x1
At 0 clock cycle of 6, top->out = 0x0, expected = 0x1
input_vars:
top->in = 0x1
top->resetn = 0x1
At 2 clock cycle of 6, top->out = 0x0, expected = 0x1
input_vars:
top->in = 0x0
top->resetn = 0x1
At 3 clock cycle of 6, top->out = 0x1, expected = 0x0
input_vars:
top->in = 0x1
top->resetn = 0x1
At 4 clock cycle of 6, top->out = 0x0, expected = 0x1
input_vars:
top->in = 0x0
top->resetn = 0x1
At 5 clock cycle of 6, top->out = 0x1, expected = 0x0
Test failed,unpass = 5 for scenario HoldTimeVerification
input_vars:
top->in = 0x1
top->resetn = 0x1
At 1 clock cycle of 8, top->out = 0x0, expected = 0x1
input_vars:
top->in = 0x1
top->resetn = 0x1
At 2 clock cycle of 8, top->out = 0x0, expected = 0x1
input_vars:
top->in = 0x0
top->resetn = 0x1
At 4 clock cycle of 8, top->out = 0x1, expected = 0x0
input_vars:
top->in = 0x1
top->resetn = 0x1
At 6 clock cycle of 8, top->out = 0x0, expected = 0x1
Test failed,unpass = 4 for scenario ClockEdgeResponse
sim finished
Unpass: 4
make: *** [run] Error 4
