verilator -cc --exe -x-assign fast -Wall --assert --coverage-line -Wno-WIDTHEXPAND -Wno-BLKSEQ -Wno-VARHIDDEN -Wno-WIDTHTRUNC -Wno-UNUSEDSIGNAL -f input.vc top_module.v sim-main.cpp rfuzz-harness.cpp
- V e r i l a t i o n   R e p o r t: Verilator 5.032 2025-01-01 rev UNKNOWN.REV
- Verilator: Built from 0.000 MB sources in 0 modules, into 0.000 MB in 0 C++ files needing 0.000 MB
- Verilator: Walltime 0.001 s (elab=0.000, cvt=0.000, bld=0.000); cpu 0.001 s on 1 threads
cd obj_dir && make -f Vtop_module.mk
c++  -I.  -MMD -I/opt/homebrew/Cellar/verilator/5.032/share/verilator/include -I/opt/homebrew/Cellar/verilator/5.032/share/verilator/include/vltstd -DVM_COVERAGE=1 -DVM_SC=0 -DVM_TIMING=0 -DVM_TRACE=0 -DVM_TRACE_FST=0 -DVM_TRACE_VCD=0 -faligned-new -fbracket-depth=4096 -fcf-protection=none -Qunused-arguments -Wno-bool-operation -Wno-c++11-narrowing -Wno-constant-logical-operand -Wno-non-pod-varargs -Wno-parentheses-equality -Wno-shadow -Wno-sign-compare -Wno-tautological-bitwise-compare -Wno-tautological-compare -Wno-uninitialized -Wno-unused-but-set-parameter -Wno-unused-but-set-variable -Wno-unused-parameter -Wno-unused-variable     -std=gnu++17 -Os  -c -o rfuzz-harness.o ../rfuzz-harness.cpp
../rfuzz-harness.cpp:25:40: error: no viable overloaded '='
   25 |                                 top->q = q_wide;
      |                                 ~~~~~~ ^ ~~~~~~
/opt/homebrew/Cellar/verilator/5.032/share/verilator/include/verilated_types.h:428:8: note: candidate function (the implicit copy assignment operator) not viable: no known conversion from 'VlWide<0>' to 'const VlWide<16>' for 1st argument
  428 | struct VlWide final {
      |        ^~~~~~
/opt/homebrew/Cellar/verilator/5.032/share/verilator/include/verilated_types.h:428:8: note: candidate function (the implicit move assignment operator) not viable: no known conversion from 'VlWide<0>' to 'VlWide<16>' for 1st argument
  428 | struct VlWide final {
      |        ^~~~~~
../rfuzz-harness.cpp:70:41: warning: format specifies type 'unsigned int' but the argument has type 'VlWide<16>' [-Wformat]
   70 | printf("top->%s = 0x%x\n", "data", top->data);
      |                     ~~                  ^~~~
../rfuzz-harness.cpp:118:41: warning: format specifies type 'unsigned int' but the argument has type 'VlWide<16>' [-Wformat]
  118 | printf("top->%s = 0x%x\n", "data", top->data);
      |                     ~~                  ^~~~
../rfuzz-harness.cpp:139:40: error: no viable overloaded '='
  139 |                                 top->q = q_wide;
      |                                 ~~~~~~ ^ ~~~~~~
/opt/homebrew/Cellar/verilator/5.032/share/verilator/include/verilated_types.h:428:8: note: candidate function (the implicit copy assignment operator) not viable: no known conversion from 'VlWide<0>' to 'const VlWide<16>' for 1st argument
  428 | struct VlWide final {
      |        ^~~~~~
/opt/homebrew/Cellar/verilator/5.032/share/verilator/include/verilated_types.h:428:8: note: candidate function (the implicit move assignment operator) not viable: no known conversion from 'VlWide<0>' to 'VlWide<16>' for 1st argument
  428 | struct VlWide final {
      |        ^~~~~~
../rfuzz-harness.cpp:184:41: warning: format specifies type 'unsigned int' but the argument has type 'VlWide<16>' [-Wformat]
  184 | printf("top->%s = 0x%x\n", "data", top->data);
      |                     ~~                  ^~~~
../rfuzz-harness.cpp:232:41: warning: format specifies type 'unsigned int' but the argument has type 'VlWide<16>' [-Wformat]
  232 | printf("top->%s = 0x%x\n", "data", top->data);
      |                     ~~                  ^~~~
../rfuzz-harness.cpp:280:41: warning: format specifies type 'unsigned int' but the argument has type 'VlWide<16>' [-Wformat]
  280 | printf("top->%s = 0x%x\n", "data", top->data);
      |                     ~~                  ^~~~
../rfuzz-harness.cpp:328:41: warning: format specifies type 'unsigned int' but the argument has type 'VlWide<16>' [-Wformat]
  328 | printf("top->%s = 0x%x\n", "data", top->data);
      |                     ~~                  ^~~~
../rfuzz-harness.cpp:376:41: warning: format specifies type 'unsigned int' but the argument has type 'VlWide<16>' [-Wformat]
  376 | printf("top->%s = 0x%x\n", "data", top->data);
      |                     ~~                  ^~~~
../rfuzz-harness.cpp:397:40: error: no viable overloaded '='
  397 |                                 top->q = q_wide;
      |                                 ~~~~~~ ^ ~~~~~~
/opt/homebrew/Cellar/verilator/5.032/share/verilator/include/verilated_types.h:428:8: note: candidate function (the implicit copy assignment operator) not viable: no known conversion from 'VlWide<0>' to 'const VlWide<16>' for 1st argument
  428 | struct VlWide final {
      |        ^~~~~~
/opt/homebrew/Cellar/verilator/5.032/share/verilator/include/verilated_types.h:428:8: note: candidate function (the implicit move assignment operator) not viable: no known conversion from 'VlWide<0>' to 'VlWide<16>' for 1st argument
  428 | struct VlWide final {
      |        ^~~~~~
../rfuzz-harness.cpp:442:41: warning: format specifies type 'unsigned int' but the argument has type 'VlWide<16>' [-Wformat]
  442 | printf("top->%s = 0x%x\n", "data", top->data);
      |                     ~~                  ^~~~
../rfuzz-harness.cpp:490:41: warning: format specifies type 'unsigned int' but the argument has type 'VlWide<16>' [-Wformat]
  490 | printf("top->%s = 0x%x\n", "data", top->data);
      |                     ~~                  ^~~~
../rfuzz-harness.cpp:538:41: warning: format specifies type 'unsigned int' but the argument has type 'VlWide<16>' [-Wformat]
  538 | printf("top->%s = 0x%x\n", "data", top->data);
      |                     ~~                  ^~~~
../rfuzz-harness.cpp:586:41: warning: format specifies type 'unsigned int' but the argument has type 'VlWide<16>' [-Wformat]
  586 | printf("top->%s = 0x%x\n", "data", top->data);
      |                     ~~                  ^~~~
../rfuzz-harness.cpp:634:41: warning: format specifies type 'unsigned int' but the argument has type 'VlWide<16>' [-Wformat]
  634 | printf("top->%s = 0x%x\n", "data", top->data);
      |                     ~~                  ^~~~
../rfuzz-harness.cpp:655:40: error: no viable overloaded '='
  655 |                                 top->q = q_wide;
      |                                 ~~~~~~ ^ ~~~~~~
/opt/homebrew/Cellar/verilator/5.032/share/verilator/include/verilated_types.h:428:8: note: candidate function (the implicit copy assignment operator) not viable: no known conversion from 'VlWide<0>' to 'const VlWide<16>' for 1st argument
  428 | struct VlWide final {
      |        ^~~~~~
/opt/homebrew/Cellar/verilator/5.032/share/verilator/include/verilated_types.h:428:8: note: candidate function (the implicit move assignment operator) not viable: no known conversion from 'VlWide<0>' to 'VlWide<16>' for 1st argument
  428 | struct VlWide final {
      |        ^~~~~~
../rfuzz-harness.cpp:700:41: warning: format specifies type 'unsigned int' but the argument has type 'VlWide<16>' [-Wformat]
  700 | printf("top->%s = 0x%x\n", "data", top->data);
      |                     ~~                  ^~~~
../rfuzz-harness.cpp:748:41: warning: format specifies type 'unsigned int' but the argument has type 'VlWide<16>' [-Wformat]
  748 | printf("top->%s = 0x%x\n", "data", top->data);
      |                     ~~                  ^~~~
../rfuzz-harness.cpp:796:41: warning: format specifies type 'unsigned int' but the argument has type 'VlWide<16>' [-Wformat]
  796 | printf("top->%s = 0x%x\n", "data", top->data);
      |                     ~~                  ^~~~
../rfuzz-harness.cpp:844:41: warning: format specifies type 'unsigned int' but the argument has type 'VlWide<16>' [-Wformat]
  844 | printf("top->%s = 0x%x\n", "data", top->data);
      |                     ~~                  ^~~~
../rfuzz-harness.cpp:892:41: warning: format specifies type 'unsigned int' but the argument has type 'VlWide<16>' [-Wformat]
  892 | printf("top->%s = 0x%x\n", "data", top->data);
      |                     ~~                  ^~~~
../rfuzz-harness.cpp:940:41: warning: format specifies type 'unsigned int' but the argument has type 'VlWide<16>' [-Wformat]
  940 | printf("top->%s = 0x%x\n", "data", top->data);
      |                     ~~                  ^~~~
../rfuzz-harness.cpp:988:41: warning: format specifies type 'unsigned int' but the argument has type 'VlWide<16>' [-Wformat]
  988 | printf("top->%s = 0x%x\n", "data", top->data);
      |                     ~~                  ^~~~
../rfuzz-harness.cpp:1036:41: warning: format specifies type 'unsigned int' but the argument has type 'VlWide<16>' [-Wformat]
 1036 | printf("top->%s = 0x%x\n", "data", top->data);
      |                     ~~                  ^~~~
../rfuzz-harness.cpp:1084:41: warning: format specifies type 'unsigned int' but the argument has type 'VlWide<16>' [-Wformat]
 1084 | printf("top->%s = 0x%x\n", "data", top->data);
      |                     ~~                  ^~~~
../rfuzz-harness.cpp:1132:41: warning: format specifies type 'unsigned int' but the argument has type 'VlWide<16>' [-Wformat]
 1132 | printf("top->%s = 0x%x\n", "data", top->data);
      |                     ~~                  ^~~~
../rfuzz-harness.cpp:1153:40: error: no viable overloaded '='
 1153 |                                 top->q = q_wide;
      |                                 ~~~~~~ ^ ~~~~~~
/opt/homebrew/Cellar/verilator/5.032/share/verilator/include/verilated_types.h:428:8: note: candidate function (the implicit copy assignment operator) not viable: no known conversion from 'VlWide<0>' to 'const VlWide<16>' for 1st argument
  428 | struct VlWide final {
      |        ^~~~~~
/opt/homebrew/Cellar/verilator/5.032/share/verilator/include/verilated_types.h:428:8: note: candidate function (the implicit move assignment operator) not viable: no known conversion from 'VlWide<0>' to 'VlWide<16>' for 1st argument
  428 | struct VlWide final {
      |        ^~~~~~
../rfuzz-harness.cpp:1198:41: warning: format specifies type 'unsigned int' but the argument has type 'VlWide<16>' [-Wformat]
 1198 | printf("top->%s = 0x%x\n", "data", top->data);
      |                     ~~                  ^~~~
../rfuzz-harness.cpp:1246:41: warning: format specifies type 'unsigned int' but the argument has type 'VlWide<16>' [-Wformat]
 1246 | printf("top->%s = 0x%x\n", "data", top->data);
      |                     ~~                  ^~~~
../rfuzz-harness.cpp:1294:41: warning: format specifies type 'unsigned int' but the argument has type 'VlWide<16>' [-Wformat]
 1294 | printf("top->%s = 0x%x\n", "data", top->data);
      |                     ~~                  ^~~~
../rfuzz-harness.cpp:1342:41: warning: format specifies type 'unsigned int' but the argument has type 'VlWide<16>' [-Wformat]
 1342 | printf("top->%s = 0x%x\n", "data", top->data);
      |                     ~~                  ^~~~
../rfuzz-harness.cpp:1390:41: warning: format specifies type 'unsigned int' but the argument has type 'VlWide<16>' [-Wformat]
 1390 | printf("top->%s = 0x%x\n", "data", top->data);
      |                     ~~                  ^~~~
../rfuzz-harness.cpp:1411:40: error: no viable overloaded '='
 1411 |                                 top->q = q_wide;
      |                                 ~~~~~~ ^ ~~~~~~
/opt/homebrew/Cellar/verilator/5.032/share/verilator/include/verilated_types.h:428:8: note: candidate function (the implicit copy assignment operator) not viable: no known conversion from 'VlWide<0>' to 'const VlWide<16>' for 1st argument
  428 | struct VlWide final {
      |        ^~~~~~
/opt/homebrew/Cellar/verilator/5.032/share/verilator/include/verilated_types.h:428:8: note: candidate function (the implicit move assignment operator) not viable: no known conversion from 'VlWide<0>' to 'VlWide<16>' for 1st argument
  428 | struct VlWide final {
      |        ^~~~~~
../rfuzz-harness.cpp:1456:41: warning: format specifies type 'unsigned int' but the argument has type 'VlWide<16>' [-Wformat]
 1456 | printf("top->%s = 0x%x\n", "data", top->data);
      |                     ~~                  ^~~~
../rfuzz-harness.cpp:1504:41: warning: format specifies type 'unsigned int' but the argument has type 'VlWide<16>' [-Wformat]
 1504 | printf("top->%s = 0x%x\n", "data", top->data);
      |                     ~~                  ^~~~
../rfuzz-harness.cpp:1552:41: warning: format specifies type 'unsigned int' but the argument has type 'VlWide<16>' [-Wformat]
 1552 | printf("top->%s = 0x%x\n", "data", top->data);
      |                     ~~                  ^~~~
../rfuzz-harness.cpp:1600:41: warning: format specifies type 'unsigned int' but the argument has type 'VlWide<16>' [-Wformat]
 1600 | printf("top->%s = 0x%x\n", "data", top->data);
      |                     ~~                  ^~~~
../rfuzz-harness.cpp:1648:41: warning: format specifies type 'unsigned int' but the argument has type 'VlWide<16>' [-Wformat]
 1648 | printf("top->%s = 0x%x\n", "data", top->data);
      |                     ~~                  ^~~~
../rfuzz-harness.cpp:1669:40: error: no viable overloaded '='
 1669 |                                 top->q = q_wide;
      |                                 ~~~~~~ ^ ~~~~~~
/opt/homebrew/Cellar/verilator/5.032/share/verilator/include/verilated_types.h:428:8: note: candidate function (the implicit copy assignment operator) not viable: no known conversion from 'VlWide<0>' to 'const VlWide<16>' for 1st argument
  428 | struct VlWide final {
      |        ^~~~~~
/opt/homebrew/Cellar/verilator/5.032/share/verilator/include/verilated_types.h:428:8: note: candidate function (the implicit move assignment operator) not viable: no known conversion from 'VlWide<0>' to 'VlWide<16>' for 1st argument
  428 | struct VlWide final {
      |        ^~~~~~
../rfuzz-harness.cpp:1714:41: warning: format specifies type 'unsigned int' but the argument has type 'VlWide<16>' [-Wformat]
 1714 | printf("top->%s = 0x%x\n", "data", top->data);
      |                     ~~                  ^~~~
../rfuzz-harness.cpp:1762:41: warning: format specifies type 'unsigned int' but the argument has type 'VlWide<16>' [-Wformat]
 1762 | printf("top->%s = 0x%x\n", "data", top->data);
      |                     ~~                  ^~~~
../rfuzz-harness.cpp:1810:41: warning: format specifies type 'unsigned int' but the argument has type 'VlWide<16>' [-Wformat]
 1810 | printf("top->%s = 0x%x\n", "data", top->data);
      |                     ~~                  ^~~~
../rfuzz-harness.cpp:1858:41: warning: format specifies type 'unsigned int' but the argument has type 'VlWide<16>' [-Wformat]
 1858 | printf("top->%s = 0x%x\n", "data", top->data);
      |                     ~~                  ^~~~
../rfuzz-harness.cpp:1906:41: warning: format specifies type 'unsigned int' but the argument has type 'VlWide<16>' [-Wformat]
 1906 | printf("top->%s = 0x%x\n", "data", top->data);
      |                     ~~                  ^~~~
../rfuzz-harness.cpp:1954:41: warning: format specifies type 'unsigned int' but the argument has type 'VlWide<16>' [-Wformat]
 1954 | printf("top->%s = 0x%x\n", "data", top->data);
      |                     ~~                  ^~~~
../rfuzz-harness.cpp:2002:41: warning: format specifies type 'unsigned int' but the argument has type 'VlWide<16>' [-Wformat]
 2002 | printf("top->%s = 0x%x\n", "data", top->data);
      |                     ~~                  ^~~~
../rfuzz-harness.cpp:2050:41: warning: format specifies type 'unsigned int' but the argument has type 'VlWide<16>' [-Wformat]
 2050 | printf("top->%s = 0x%x\n", "data", top->data);
      |                     ~~                  ^~~~
../rfuzz-harness.cpp:2098:41: warning: format specifies type 'unsigned int' but the argument has type 'VlWide<16>' [-Wformat]
 2098 | printf("top->%s = 0x%x\n", "data", top->data);
      |                     ~~                  ^~~~
../rfuzz-harness.cpp:2146:41: warning: format specifies type 'unsigned int' but the argument has type 'VlWide<16>' [-Wformat]
 2146 | printf("top->%s = 0x%x\n", "data", top->data);
      |                     ~~                  ^~~~
../rfuzz-harness.cpp:2167:40: error: no viable overloaded '='
 2167 |                                 top->q = q_wide;
      |                                 ~~~~~~ ^ ~~~~~~
/opt/homebrew/Cellar/verilator/5.032/share/verilator/include/verilated_types.h:428:8: note: candidate function (the implicit copy assignment operator) not viable: no known conversion from 'VlWide<0>' to 'const VlWide<16>' for 1st argument
  428 | struct VlWide final {
      |        ^~~~~~
/opt/homebrew/Cellar/verilator/5.032/share/verilator/include/verilated_types.h:428:8: note: candidate function (the implicit move assignment operator) not viable: no known conversion from 'VlWide<0>' to 'VlWide<16>' for 1st argument
  428 | struct VlWide final {
      |        ^~~~~~
../rfuzz-harness.cpp:2212:41: warning: format specifies type 'unsigned int' but the argument has type 'VlWide<16>' [-Wformat]
 2212 | printf("top->%s = 0x%x\n", "data", top->data);
      |                     ~~                  ^~~~
../rfuzz-harness.cpp:2260:41: warning: format specifies type 'unsigned int' but the argument has type 'VlWide<16>' [-Wformat]
 2260 | printf("top->%s = 0x%x\n", "data", top->data);
      |                     ~~                  ^~~~
../rfuzz-harness.cpp:2308:41: warning: format specifies type 'unsigned int' but the argument has type 'VlWide<16>' [-Wformat]
 2308 | printf("top->%s = 0x%x\n", "data", top->data);
      |                     ~~                  ^~~~
../rfuzz-harness.cpp:2356:41: warning: format specifies type 'unsigned int' but the argument has type 'VlWide<16>' [-Wformat]
 2356 | printf("top->%s = 0x%x\n", "data", top->data);
      |                     ~~                  ^~~~
../rfuzz-harness.cpp:2404:41: warning: format specifies type 'unsigned int' but the argument has type 'VlWide<16>' [-Wformat]
 2404 | printf("top->%s = 0x%x\n", "data", top->data);
      |                     ~~                  ^~~~
47 warnings and 8 errors generated.
make[1]: *** [rfuzz-harness.o] Error 1
make: *** [run] Error 2
