verilator -cc --exe -x-assign fast -Wall --assert --coverage-line -Wno-WIDTHEXPAND -Wno-BLKSEQ -Wno-VARHIDDEN -Wno-WIDTHTRUNC -Wno-UNUSEDSIGNAL -f input.vc top_module.v sim-main.cpp rfuzz-harness.cpp
- V e r i l a t i o n   R e p o r t: Verilator 5.032 2025-01-01 rev UNKNOWN.REV
- Verilator: Built from 0.000 MB sources in 0 modules, into 0.000 MB in 0 C++ files needing 0.000 MB
- Verilator: Walltime 0.001 s (elab=0.000, cvt=0.000, bld=0.000); cpu 0.001 s on 1 threads
cd obj_dir && make -f Vtop_module.mk
make[1]: Nothing to be done for `default'.
obj_dir/Vtop_module
Test passed for scenario InitializeStateRegister
Test passed for scenario StateZeroBehavior
Test passed for scenario StateOneBehavior
input_vars:
top->a = 0x0
top->b = 0x0
At 2 clock cycle of 3, top->q = 0x0, expected = 0x1
input_vars:
top->a = 0x0
top->b = 0x0
At 2 clock cycle of 3, top->state = 0x0, expected = 0x1
Test failed,unpass = 2 for scenario StateTransitionZeroToOne
Test passed for scenario StateTransitionOneToZero
Test passed for scenario ClockEdgeSensitivity
Test passed for scenario InputChangeTiming
input_vars:
top->a = 0x0
top->b = 0x0
At 4 clock cycle of 8, top->q = 0x0, expected = 0x1
input_vars:
top->a = 0x0
top->b = 0x0
At 4 clock cycle of 8, top->state = 0x0, expected = 0x1
input_vars:
top->a = 0x0
top->b = 0x1
At 5 clock cycle of 8, top->q = 0x1, expected = 0x0
input_vars:
top->a = 0x0
top->b = 0x1
At 5 clock cycle of 8, top->state = 0x0, expected = 0x1
input_vars:
top->a = 0x1
top->b = 0x0
At 6 clock cycle of 8, top->q = 0x1, expected = 0x0
input_vars:
top->a = 0x1
top->b = 0x0
At 6 clock cycle of 8, top->state = 0x0, expected = 0x1
input_vars:
top->a = 0x1
top->b = 0x1
At 7 clock cycle of 8, top->q = 0x1, expected = 0x0
input_vars:
top->a = 0x1
top->b = 0x1
At 7 clock cycle of 8, top->state = 0x1, expected = 0x0
Test failed,unpass = 8 for scenario ExtendedOperation
sim finished
Unpass: 8
make: *** [run] Error 8
