verilator -cc --exe -x-assign fast -Wall --assert --coverage-line -Wno-WIDTHEXPAND -Wno-BLKSEQ -Wno-VARHIDDEN -Wno-WIDTHTRUNC -Wno-UNUSEDSIGNAL -f input.vc top_module.v sim-main.cpp rfuzz-harness.cpp
- V e r i l a t i o n   R e p o r t: Verilator 5.032 2025-01-01 rev UNKNOWN.REV
- Verilator: Built from 0.000 MB sources in 0 modules, into 0.000 MB in 0 C++ files needing 0.000 MB
- Verilator: Walltime 0.001 s (elab=0.000, cvt=0.000, bld=0.000); cpu 0.001 s on 1 threads
cd obj_dir && make -f Vtop_module.mk
c++  -I.  -MMD -I/opt/homebrew/Cellar/verilator/5.032/share/verilator/include -I/opt/homebrew/Cellar/verilator/5.032/share/verilator/include/vltstd -DVM_COVERAGE=1 -DVM_SC=0 -DVM_TIMING=0 -DVM_TRACE=0 -DVM_TRACE_FST=0 -DVM_TRACE_VCD=0 -faligned-new -fbracket-depth=4096 -fcf-protection=none -Qunused-arguments -Wno-bool-operation -Wno-c++11-narrowing -Wno-constant-logical-operand -Wno-non-pod-varargs -Wno-parentheses-equality -Wno-shadow -Wno-sign-compare -Wno-tautological-bitwise-compare -Wno-tautological-compare -Wno-uninitialized -Wno-unused-but-set-parameter -Wno-unused-but-set-variable -Wno-unused-parameter -Wno-unused-variable     -std=gnu++17 -Os  -c -o rfuzz-harness.o ../rfuzz-harness.cpp
../rfuzz-harness.cpp:25:40: error: no viable overloaded '='
   25 |                                 top->q = q_wide;
      |                                 ~~~~~~ ^ ~~~~~~
/opt/homebrew/Cellar/verilator/5.032/share/verilator/include/verilated_types.h:428:8: note: candidate function (the implicit copy assignment operator) not viable: no known conversion from 'VlWide<0>' to 'const VlWide<4>' for 1st argument
  428 | struct VlWide final {
      |        ^~~~~~
/opt/homebrew/Cellar/verilator/5.032/share/verilator/include/verilated_types.h:428:8: note: candidate function (the implicit move assignment operator) not viable: no known conversion from 'VlWide<0>' to 'VlWide<4>' for 1st argument
  428 | struct VlWide final {
      |        ^~~~~~
../rfuzz-harness.cpp:48:41: warning: format specifies type 'unsigned int' but the argument has type 'VlWide<4>' [-Wformat]
   48 | printf("top->%s = 0x%x\n", "data", top->data);
      |                     ~~                  ^~~~
../rfuzz-harness.cpp:74:41: warning: format specifies type 'unsigned int' but the argument has type 'VlWide<4>' [-Wformat]
   74 | printf("top->%s = 0x%x\n", "data", top->data);
      |                     ~~                  ^~~~
../rfuzz-harness.cpp:95:40: error: no viable overloaded '='
   95 |                                 top->q = q_wide;
      |                                 ~~~~~~ ^ ~~~~~~
/opt/homebrew/Cellar/verilator/5.032/share/verilator/include/verilated_types.h:428:8: note: candidate function (the implicit copy assignment operator) not viable: no known conversion from 'VlWide<0>' to 'const VlWide<4>' for 1st argument
  428 | struct VlWide final {
      |        ^~~~~~
/opt/homebrew/Cellar/verilator/5.032/share/verilator/include/verilated_types.h:428:8: note: candidate function (the implicit move assignment operator) not viable: no known conversion from 'VlWide<0>' to 'VlWide<4>' for 1st argument
  428 | struct VlWide final {
      |        ^~~~~~
../rfuzz-harness.cpp:118:41: warning: format specifies type 'unsigned int' but the argument has type 'VlWide<4>' [-Wformat]
  118 | printf("top->%s = 0x%x\n", "data", top->data);
      |                     ~~                  ^~~~
../rfuzz-harness.cpp:144:41: warning: format specifies type 'unsigned int' but the argument has type 'VlWide<4>' [-Wformat]
  144 | printf("top->%s = 0x%x\n", "data", top->data);
      |                     ~~                  ^~~~
../rfuzz-harness.cpp:170:41: warning: format specifies type 'unsigned int' but the argument has type 'VlWide<4>' [-Wformat]
  170 | printf("top->%s = 0x%x\n", "data", top->data);
      |                     ~~                  ^~~~
../rfuzz-harness.cpp:196:41: warning: format specifies type 'unsigned int' but the argument has type 'VlWide<4>' [-Wformat]
  196 | printf("top->%s = 0x%x\n", "data", top->data);
      |                     ~~                  ^~~~
../rfuzz-harness.cpp:217:40: error: no viable overloaded '='
  217 |                                 top->q = q_wide;
      |                                 ~~~~~~ ^ ~~~~~~
/opt/homebrew/Cellar/verilator/5.032/share/verilator/include/verilated_types.h:428:8: note: candidate function (the implicit copy assignment operator) not viable: no known conversion from 'VlWide<0>' to 'const VlWide<4>' for 1st argument
  428 | struct VlWide final {
      |        ^~~~~~
/opt/homebrew/Cellar/verilator/5.032/share/verilator/include/verilated_types.h:428:8: note: candidate function (the implicit move assignment operator) not viable: no known conversion from 'VlWide<0>' to 'VlWide<4>' for 1st argument
  428 | struct VlWide final {
      |        ^~~~~~
../rfuzz-harness.cpp:240:41: warning: format specifies type 'unsigned int' but the argument has type 'VlWide<4>' [-Wformat]
  240 | printf("top->%s = 0x%x\n", "data", top->data);
      |                     ~~                  ^~~~
../rfuzz-harness.cpp:266:41: warning: format specifies type 'unsigned int' but the argument has type 'VlWide<4>' [-Wformat]
  266 | printf("top->%s = 0x%x\n", "data", top->data);
      |                     ~~                  ^~~~
../rfuzz-harness.cpp:292:41: warning: format specifies type 'unsigned int' but the argument has type 'VlWide<4>' [-Wformat]
  292 | printf("top->%s = 0x%x\n", "data", top->data);
      |                     ~~                  ^~~~
../rfuzz-harness.cpp:318:41: warning: format specifies type 'unsigned int' but the argument has type 'VlWide<4>' [-Wformat]
  318 | printf("top->%s = 0x%x\n", "data", top->data);
      |                     ~~                  ^~~~
../rfuzz-harness.cpp:339:40: error: no viable overloaded '='
  339 |                                 top->q = q_wide;
      |                                 ~~~~~~ ^ ~~~~~~
/opt/homebrew/Cellar/verilator/5.032/share/verilator/include/verilated_types.h:428:8: note: candidate function (the implicit copy assignment operator) not viable: no known conversion from 'VlWide<0>' to 'const VlWide<4>' for 1st argument
  428 | struct VlWide final {
      |        ^~~~~~
/opt/homebrew/Cellar/verilator/5.032/share/verilator/include/verilated_types.h:428:8: note: candidate function (the implicit move assignment operator) not viable: no known conversion from 'VlWide<0>' to 'VlWide<4>' for 1st argument
  428 | struct VlWide final {
      |        ^~~~~~
../rfuzz-harness.cpp:362:41: warning: format specifies type 'unsigned int' but the argument has type 'VlWide<4>' [-Wformat]
  362 | printf("top->%s = 0x%x\n", "data", top->data);
      |                     ~~                  ^~~~
../rfuzz-harness.cpp:388:41: warning: format specifies type 'unsigned int' but the argument has type 'VlWide<4>' [-Wformat]
  388 | printf("top->%s = 0x%x\n", "data", top->data);
      |                     ~~                  ^~~~
../rfuzz-harness.cpp:414:41: warning: format specifies type 'unsigned int' but the argument has type 'VlWide<4>' [-Wformat]
  414 | printf("top->%s = 0x%x\n", "data", top->data);
      |                     ~~                  ^~~~
../rfuzz-harness.cpp:440:41: warning: format specifies type 'unsigned int' but the argument has type 'VlWide<4>' [-Wformat]
  440 | printf("top->%s = 0x%x\n", "data", top->data);
      |                     ~~                  ^~~~
../rfuzz-harness.cpp:466:41: warning: format specifies type 'unsigned int' but the argument has type 'VlWide<4>' [-Wformat]
  466 | printf("top->%s = 0x%x\n", "data", top->data);
      |                     ~~                  ^~~~
../rfuzz-harness.cpp:492:41: warning: format specifies type 'unsigned int' but the argument has type 'VlWide<4>' [-Wformat]
  492 | printf("top->%s = 0x%x\n", "data", top->data);
      |                     ~~                  ^~~~
../rfuzz-harness.cpp:518:41: warning: format specifies type 'unsigned int' but the argument has type 'VlWide<4>' [-Wformat]
  518 | printf("top->%s = 0x%x\n", "data", top->data);
      |                     ~~                  ^~~~
../rfuzz-harness.cpp:544:41: warning: format specifies type 'unsigned int' but the argument has type 'VlWide<4>' [-Wformat]
  544 | printf("top->%s = 0x%x\n", "data", top->data);
      |                     ~~                  ^~~~
../rfuzz-harness.cpp:570:41: warning: format specifies type 'unsigned int' but the argument has type 'VlWide<4>' [-Wformat]
  570 | printf("top->%s = 0x%x\n", "data", top->data);
      |                     ~~                  ^~~~
../rfuzz-harness.cpp:596:41: warning: format specifies type 'unsigned int' but the argument has type 'VlWide<4>' [-Wformat]
  596 | printf("top->%s = 0x%x\n", "data", top->data);
      |                     ~~                  ^~~~
../rfuzz-harness.cpp:622:41: warning: format specifies type 'unsigned int' but the argument has type 'VlWide<4>' [-Wformat]
  622 | printf("top->%s = 0x%x\n", "data", top->data);
      |                     ~~                  ^~~~
../rfuzz-harness.cpp:648:41: warning: format specifies type 'unsigned int' but the argument has type 'VlWide<4>' [-Wformat]
  648 | printf("top->%s = 0x%x\n", "data", top->data);
      |                     ~~                  ^~~~
../rfuzz-harness.cpp:674:41: warning: format specifies type 'unsigned int' but the argument has type 'VlWide<4>' [-Wformat]
  674 | printf("top->%s = 0x%x\n", "data", top->data);
      |                     ~~                  ^~~~
../rfuzz-harness.cpp:700:41: warning: format specifies type 'unsigned int' but the argument has type 'VlWide<4>' [-Wformat]
  700 | printf("top->%s = 0x%x\n", "data", top->data);
      |                     ~~                  ^~~~
../rfuzz-harness.cpp:726:41: warning: format specifies type 'unsigned int' but the argument has type 'VlWide<4>' [-Wformat]
  726 | printf("top->%s = 0x%x\n", "data", top->data);
      |                     ~~                  ^~~~
../rfuzz-harness.cpp:752:41: warning: format specifies type 'unsigned int' but the argument has type 'VlWide<4>' [-Wformat]
  752 | printf("top->%s = 0x%x\n", "data", top->data);
      |                     ~~                  ^~~~
../rfuzz-harness.cpp:778:41: warning: format specifies type 'unsigned int' but the argument has type 'VlWide<4>' [-Wformat]
  778 | printf("top->%s = 0x%x\n", "data", top->data);
      |                     ~~                  ^~~~
../rfuzz-harness.cpp:804:41: warning: format specifies type 'unsigned int' but the argument has type 'VlWide<4>' [-Wformat]
  804 | printf("top->%s = 0x%x\n", "data", top->data);
      |                     ~~                  ^~~~
../rfuzz-harness.cpp:830:41: warning: format specifies type 'unsigned int' but the argument has type 'VlWide<4>' [-Wformat]
  830 | printf("top->%s = 0x%x\n", "data", top->data);
      |                     ~~                  ^~~~
../rfuzz-harness.cpp:856:41: warning: format specifies type 'unsigned int' but the argument has type 'VlWide<4>' [-Wformat]
  856 | printf("top->%s = 0x%x\n", "data", top->data);
      |                     ~~                  ^~~~
../rfuzz-harness.cpp:882:41: warning: format specifies type 'unsigned int' but the argument has type 'VlWide<4>' [-Wformat]
  882 | printf("top->%s = 0x%x\n", "data", top->data);
      |                     ~~                  ^~~~
../rfuzz-harness.cpp:908:41: warning: format specifies type 'unsigned int' but the argument has type 'VlWide<4>' [-Wformat]
  908 | printf("top->%s = 0x%x\n", "data", top->data);
      |                     ~~                  ^~~~
../rfuzz-harness.cpp:934:41: warning: format specifies type 'unsigned int' but the argument has type 'VlWide<4>' [-Wformat]
  934 | printf("top->%s = 0x%x\n", "data", top->data);
      |                     ~~                  ^~~~
../rfuzz-harness.cpp:960:41: warning: format specifies type 'unsigned int' but the argument has type 'VlWide<4>' [-Wformat]
  960 | printf("top->%s = 0x%x\n", "data", top->data);
      |                     ~~                  ^~~~
../rfuzz-harness.cpp:986:41: warning: format specifies type 'unsigned int' but the argument has type 'VlWide<4>' [-Wformat]
  986 | printf("top->%s = 0x%x\n", "data", top->data);
      |                     ~~                  ^~~~
../rfuzz-harness.cpp:1012:41: warning: format specifies type 'unsigned int' but the argument has type 'VlWide<4>' [-Wformat]
 1012 | printf("top->%s = 0x%x\n", "data", top->data);
      |                     ~~                  ^~~~
../rfuzz-harness.cpp:1038:41: warning: format specifies type 'unsigned int' but the argument has type 'VlWide<4>' [-Wformat]
 1038 | printf("top->%s = 0x%x\n", "data", top->data);
      |                     ~~                  ^~~~
../rfuzz-harness.cpp:1064:41: warning: format specifies type 'unsigned int' but the argument has type 'VlWide<4>' [-Wformat]
 1064 | printf("top->%s = 0x%x\n", "data", top->data);
      |                     ~~                  ^~~~
../rfuzz-harness.cpp:1090:41: warning: format specifies type 'unsigned int' but the argument has type 'VlWide<4>' [-Wformat]
 1090 | printf("top->%s = 0x%x\n", "data", top->data);
      |                     ~~                  ^~~~
../rfuzz-harness.cpp:1116:41: warning: format specifies type 'unsigned int' but the argument has type 'VlWide<4>' [-Wformat]
 1116 | printf("top->%s = 0x%x\n", "data", top->data);
      |                     ~~                  ^~~~
../rfuzz-harness.cpp:1142:41: warning: format specifies type 'unsigned int' but the argument has type 'VlWide<4>' [-Wformat]
 1142 | printf("top->%s = 0x%x\n", "data", top->data);
      |                     ~~                  ^~~~
../rfuzz-harness.cpp:1168:41: warning: format specifies type 'unsigned int' but the argument has type 'VlWide<4>' [-Wformat]
 1168 | printf("top->%s = 0x%x\n", "data", top->data);
      |                     ~~                  ^~~~
../rfuzz-harness.cpp:1194:41: warning: format specifies type 'unsigned int' but the argument has type 'VlWide<4>' [-Wformat]
 1194 | printf("top->%s = 0x%x\n", "data", top->data);
      |                     ~~                  ^~~~
../rfuzz-harness.cpp:1220:41: warning: format specifies type 'unsigned int' but the argument has type 'VlWide<4>' [-Wformat]
 1220 | printf("top->%s = 0x%x\n", "data", top->data);
      |                     ~~                  ^~~~
../rfuzz-harness.cpp:1246:41: warning: format specifies type 'unsigned int' but the argument has type 'VlWide<4>' [-Wformat]
 1246 | printf("top->%s = 0x%x\n", "data", top->data);
      |                     ~~                  ^~~~
../rfuzz-harness.cpp:1272:41: warning: format specifies type 'unsigned int' but the argument has type 'VlWide<4>' [-Wformat]
 1272 | printf("top->%s = 0x%x\n", "data", top->data);
      |                     ~~                  ^~~~
../rfuzz-harness.cpp:1298:41: warning: format specifies type 'unsigned int' but the argument has type 'VlWide<4>' [-Wformat]
 1298 | printf("top->%s = 0x%x\n", "data", top->data);
      |                     ~~                  ^~~~
../rfuzz-harness.cpp:1324:41: warning: format specifies type 'unsigned int' but the argument has type 'VlWide<4>' [-Wformat]
 1324 | printf("top->%s = 0x%x\n", "data", top->data);
      |                     ~~                  ^~~~
../rfuzz-harness.cpp:1350:41: warning: format specifies type 'unsigned int' but the argument has type 'VlWide<4>' [-Wformat]
 1350 | printf("top->%s = 0x%x\n", "data", top->data);
      |                     ~~                  ^~~~
../rfuzz-harness.cpp:1376:41: warning: format specifies type 'unsigned int' but the argument has type 'VlWide<4>' [-Wformat]
 1376 | printf("top->%s = 0x%x\n", "data", top->data);
      |                     ~~                  ^~~~
../rfuzz-harness.cpp:1402:41: warning: format specifies type 'unsigned int' but the argument has type 'VlWide<4>' [-Wformat]
 1402 | printf("top->%s = 0x%x\n", "data", top->data);
      |                     ~~                  ^~~~
../rfuzz-harness.cpp:1428:41: warning: format specifies type 'unsigned int' but the argument has type 'VlWide<4>' [-Wformat]
 1428 | printf("top->%s = 0x%x\n", "data", top->data);
      |                     ~~                  ^~~~
../rfuzz-harness.cpp:1454:41: warning: format specifies type 'unsigned int' but the argument has type 'VlWide<4>' [-Wformat]
 1454 | printf("top->%s = 0x%x\n", "data", top->data);
      |                     ~~                  ^~~~
../rfuzz-harness.cpp:1480:41: warning: format specifies type 'unsigned int' but the argument has type 'VlWide<4>' [-Wformat]
 1480 | printf("top->%s = 0x%x\n", "data", top->data);
      |                     ~~                  ^~~~
../rfuzz-harness.cpp:1506:41: warning: format specifies type 'unsigned int' but the argument has type 'VlWide<4>' [-Wformat]
 1506 | printf("top->%s = 0x%x\n", "data", top->data);
      |                     ~~                  ^~~~
../rfuzz-harness.cpp:1532:41: warning: format specifies type 'unsigned int' but the argument has type 'VlWide<4>' [-Wformat]
 1532 | printf("top->%s = 0x%x\n", "data", top->data);
      |                     ~~                  ^~~~
../rfuzz-harness.cpp:1558:41: warning: format specifies type 'unsigned int' but the argument has type 'VlWide<4>' [-Wformat]
 1558 | printf("top->%s = 0x%x\n", "data", top->data);
      |                     ~~                  ^~~~
../rfuzz-harness.cpp:1584:41: warning: format specifies type 'unsigned int' but the argument has type 'VlWide<4>' [-Wformat]
 1584 | printf("top->%s = 0x%x\n", "data", top->data);
      |                     ~~                  ^~~~
../rfuzz-harness.cpp:1610:41: warning: format specifies type 'unsigned int' but the argument has type 'VlWide<4>' [-Wformat]
 1610 | printf("top->%s = 0x%x\n", "data", top->data);
      |                     ~~                  ^~~~
../rfuzz-harness.cpp:1636:41: warning: format specifies type 'unsigned int' but the argument has type 'VlWide<4>' [-Wformat]
 1636 | printf("top->%s = 0x%x\n", "data", top->data);
      |                     ~~                  ^~~~
../rfuzz-harness.cpp:1662:41: warning: format specifies type 'unsigned int' but the argument has type 'VlWide<4>' [-Wformat]
 1662 | printf("top->%s = 0x%x\n", "data", top->data);
      |                     ~~                  ^~~~
../rfuzz-harness.cpp:1688:41: warning: format specifies type 'unsigned int' but the argument has type 'VlWide<4>' [-Wformat]
 1688 | printf("top->%s = 0x%x\n", "data", top->data);
      |                     ~~                  ^~~~
../rfuzz-harness.cpp:1714:41: warning: format specifies type 'unsigned int' but the argument has type 'VlWide<4>' [-Wformat]
 1714 | printf("top->%s = 0x%x\n", "data", top->data);
      |                     ~~                  ^~~~
../rfuzz-harness.cpp:1740:41: warning: format specifies type 'unsigned int' but the argument has type 'VlWide<4>' [-Wformat]
 1740 | printf("top->%s = 0x%x\n", "data", top->data);
      |                     ~~                  ^~~~
../rfuzz-harness.cpp:1766:41: warning: format specifies type 'unsigned int' but the argument has type 'VlWide<4>' [-Wformat]
 1766 | printf("top->%s = 0x%x\n", "data", top->data);
      |                     ~~                  ^~~~
../rfuzz-harness.cpp:1792:41: warning: format specifies type 'unsigned int' but the argument has type 'VlWide<4>' [-Wformat]
 1792 | printf("top->%s = 0x%x\n", "data", top->data);
      |                     ~~                  ^~~~
../rfuzz-harness.cpp:1818:41: warning: format specifies type 'unsigned int' but the argument has type 'VlWide<4>' [-Wformat]
 1818 | printf("top->%s = 0x%x\n", "data", top->data);
      |                     ~~                  ^~~~
../rfuzz-harness.cpp:1844:41: warning: format specifies type 'unsigned int' but the argument has type 'VlWide<4>' [-Wformat]
 1844 | printf("top->%s = 0x%x\n", "data", top->data);
      |                     ~~                  ^~~~
../rfuzz-harness.cpp:1870:41: warning: format specifies type 'unsigned int' but the argument has type 'VlWide<4>' [-Wformat]
 1870 | printf("top->%s = 0x%x\n", "data", top->data);
      |                     ~~                  ^~~~
../rfuzz-harness.cpp:1896:41: warning: format specifies type 'unsigned int' but the argument has type 'VlWide<4>' [-Wformat]
 1896 | printf("top->%s = 0x%x\n", "data", top->data);
      |                     ~~                  ^~~~
../rfuzz-harness.cpp:1922:41: warning: format specifies type 'unsigned int' but the argument has type 'VlWide<4>' [-Wformat]
 1922 | printf("top->%s = 0x%x\n", "data", top->data);
      |                     ~~                  ^~~~
../rfuzz-harness.cpp:1948:41: warning: format specifies type 'unsigned int' but the argument has type 'VlWide<4>' [-Wformat]
 1948 | printf("top->%s = 0x%x\n", "data", top->data);
      |                     ~~                  ^~~~
../rfuzz-harness.cpp:1974:41: warning: format specifies type 'unsigned int' but the argument has type 'VlWide<4>' [-Wformat]
 1974 | printf("top->%s = 0x%x\n", "data", top->data);
      |                     ~~                  ^~~~
../rfuzz-harness.cpp:2000:41: warning: format specifies type 'unsigned int' but the argument has type 'VlWide<4>' [-Wformat]
 2000 | printf("top->%s = 0x%x\n", "data", top->data);
      |                     ~~                  ^~~~
../rfuzz-harness.cpp:2026:41: warning: format specifies type 'unsigned int' but the argument has type 'VlWide<4>' [-Wformat]
 2026 | printf("top->%s = 0x%x\n", "data", top->data);
      |                     ~~                  ^~~~
../rfuzz-harness.cpp:2052:41: warning: format specifies type 'unsigned int' but the argument has type 'VlWide<4>' [-Wformat]
 2052 | printf("top->%s = 0x%x\n", "data", top->data);
      |                     ~~                  ^~~~
../rfuzz-harness.cpp:2078:41: warning: format specifies type 'unsigned int' but the argument has type 'VlWide<4>' [-Wformat]
 2078 | printf("top->%s = 0x%x\n", "data", top->data);
      |                     ~~                  ^~~~
../rfuzz-harness.cpp:2104:41: warning: format specifies type 'unsigned int' but the argument has type 'VlWide<4>' [-Wformat]
 2104 | printf("top->%s = 0x%x\n", "data", top->data);
      |                     ~~                  ^~~~
../rfuzz-harness.cpp:2130:41: warning: format specifies type 'unsigned int' but the argument has type 'VlWide<4>' [-Wformat]
 2130 | printf("top->%s = 0x%x\n", "data", top->data);
      |                     ~~                  ^~~~
../rfuzz-harness.cpp:2156:41: warning: format specifies type 'unsigned int' but the argument has type 'VlWide<4>' [-Wformat]
 2156 | printf("top->%s = 0x%x\n", "data", top->data);
      |                     ~~                  ^~~~
../rfuzz-harness.cpp:2182:41: warning: format specifies type 'unsigned int' but the argument has type 'VlWide<4>' [-Wformat]
 2182 | printf("top->%s = 0x%x\n", "data", top->data);
      |                     ~~                  ^~~~
../rfuzz-harness.cpp:2208:41: warning: format specifies type 'unsigned int' but the argument has type 'VlWide<4>' [-Wformat]
 2208 | printf("top->%s = 0x%x\n", "data", top->data);
      |                     ~~                  ^~~~
../rfuzz-harness.cpp:2234:41: warning: format specifies type 'unsigned int' but the argument has type 'VlWide<4>' [-Wformat]
 2234 | printf("top->%s = 0x%x\n", "data", top->data);
      |                     ~~                  ^~~~
../rfuzz-harness.cpp:2260:41: warning: format specifies type 'unsigned int' but the argument has type 'VlWide<4>' [-Wformat]
 2260 | printf("top->%s = 0x%x\n", "data", top->data);
      |                     ~~                  ^~~~
../rfuzz-harness.cpp:2286:41: warning: format specifies type 'unsigned int' but the argument has type 'VlWide<4>' [-Wformat]
 2286 | printf("top->%s = 0x%x\n", "data", top->data);
      |                     ~~                  ^~~~
../rfuzz-harness.cpp:2312:41: warning: format specifies type 'unsigned int' but the argument has type 'VlWide<4>' [-Wformat]
 2312 | printf("top->%s = 0x%x\n", "data", top->data);
      |                     ~~                  ^~~~
../rfuzz-harness.cpp:2338:41: warning: format specifies type 'unsigned int' but the argument has type 'VlWide<4>' [-Wformat]
 2338 | printf("top->%s = 0x%x\n", "data", top->data);
      |                     ~~                  ^~~~
../rfuzz-harness.cpp:2364:41: warning: format specifies type 'unsigned int' but the argument has type 'VlWide<4>' [-Wformat]
 2364 | printf("top->%s = 0x%x\n", "data", top->data);
      |                     ~~                  ^~~~
../rfuzz-harness.cpp:2390:41: warning: format specifies type 'unsigned int' but the argument has type 'VlWide<4>' [-Wformat]
 2390 | printf("top->%s = 0x%x\n", "data", top->data);
      |                     ~~                  ^~~~
../rfuzz-harness.cpp:2416:41: warning: format specifies type 'unsigned int' but the argument has type 'VlWide<4>' [-Wformat]
 2416 | printf("top->%s = 0x%x\n", "data", top->data);
      |                     ~~                  ^~~~
../rfuzz-harness.cpp:2442:41: warning: format specifies type 'unsigned int' but the argument has type 'VlWide<4>' [-Wformat]
 2442 | printf("top->%s = 0x%x\n", "data", top->data);
      |                     ~~                  ^~~~
../rfuzz-harness.cpp:2468:41: warning: format specifies type 'unsigned int' but the argument has type 'VlWide<4>' [-Wformat]
 2468 | printf("top->%s = 0x%x\n", "data", top->data);
      |                     ~~                  ^~~~
../rfuzz-harness.cpp:2494:41: warning: format specifies type 'unsigned int' but the argument has type 'VlWide<4>' [-Wformat]
 2494 | printf("top->%s = 0x%x\n", "data", top->data);
      |                     ~~                  ^~~~
../rfuzz-harness.cpp:2520:41: warning: format specifies type 'unsigned int' but the argument has type 'VlWide<4>' [-Wformat]
 2520 | printf("top->%s = 0x%x\n", "data", top->data);
      |                     ~~                  ^~~~
../rfuzz-harness.cpp:2546:41: warning: format specifies type 'unsigned int' but the argument has type 'VlWide<4>' [-Wformat]
 2546 | printf("top->%s = 0x%x\n", "data", top->data);
      |                     ~~                  ^~~~
../rfuzz-harness.cpp:2572:41: warning: format specifies type 'unsigned int' but the argument has type 'VlWide<4>' [-Wformat]
 2572 | printf("top->%s = 0x%x\n", "data", top->data);
      |                     ~~                  ^~~~
../rfuzz-harness.cpp:2598:41: warning: format specifies type 'unsigned int' but the argument has type 'VlWide<4>' [-Wformat]
 2598 | printf("top->%s = 0x%x\n", "data", top->data);
      |                     ~~                  ^~~~
../rfuzz-harness.cpp:2624:41: warning: format specifies type 'unsigned int' but the argument has type 'VlWide<4>' [-Wformat]
 2624 | printf("top->%s = 0x%x\n", "data", top->data);
      |                     ~~                  ^~~~
../rfuzz-harness.cpp:2650:41: warning: format specifies type 'unsigned int' but the argument has type 'VlWide<4>' [-Wformat]
 2650 | printf("top->%s = 0x%x\n", "data", top->data);
      |                     ~~                  ^~~~
../rfuzz-harness.cpp:2676:41: warning: format specifies type 'unsigned int' but the argument has type 'VlWide<4>' [-Wformat]
 2676 | printf("top->%s = 0x%x\n", "data", top->data);
      |                     ~~                  ^~~~
../rfuzz-harness.cpp:2702:41: warning: format specifies type 'unsigned int' but the argument has type 'VlWide<4>' [-Wformat]
 2702 | printf("top->%s = 0x%x\n", "data", top->data);
      |                     ~~                  ^~~~
../rfuzz-harness.cpp:2728:41: warning: format specifies type 'unsigned int' but the argument has type 'VlWide<4>' [-Wformat]
 2728 | printf("top->%s = 0x%x\n", "data", top->data);
      |                     ~~                  ^~~~
../rfuzz-harness.cpp:2754:41: warning: format specifies type 'unsigned int' but the argument has type 'VlWide<4>' [-Wformat]
 2754 | printf("top->%s = 0x%x\n", "data", top->data);
      |                     ~~                  ^~~~
../rfuzz-harness.cpp:2780:41: warning: format specifies type 'unsigned int' but the argument has type 'VlWide<4>' [-Wformat]
 2780 | printf("top->%s = 0x%x\n", "data", top->data);
      |                     ~~                  ^~~~
../rfuzz-harness.cpp:2806:41: warning: format specifies type 'unsigned int' but the argument has type 'VlWide<4>' [-Wformat]
 2806 | printf("top->%s = 0x%x\n", "data", top->data);
      |                     ~~                  ^~~~
../rfuzz-harness.cpp:2832:41: warning: format specifies type 'unsigned int' but the argument has type 'VlWide<4>' [-Wformat]
 2832 | printf("top->%s = 0x%x\n", "data", top->data);
      |                     ~~                  ^~~~
../rfuzz-harness.cpp:2858:41: warning: format specifies type 'unsigned int' but the argument has type 'VlWide<4>' [-Wformat]
 2858 | printf("top->%s = 0x%x\n", "data", top->data);
      |                     ~~                  ^~~~
../rfuzz-harness.cpp:2884:41: warning: format specifies type 'unsigned int' but the argument has type 'VlWide<4>' [-Wformat]
 2884 | printf("top->%s = 0x%x\n", "data", top->data);
      |                     ~~                  ^~~~
../rfuzz-harness.cpp:2910:41: warning: format specifies type 'unsigned int' but the argument has type 'VlWide<4>' [-Wformat]
 2910 | printf("top->%s = 0x%x\n", "data", top->data);
      |                     ~~                  ^~~~
../rfuzz-harness.cpp:2936:41: warning: format specifies type 'unsigned int' but the argument has type 'VlWide<4>' [-Wformat]
 2936 | printf("top->%s = 0x%x\n", "data", top->data);
      |                     ~~                  ^~~~
../rfuzz-harness.cpp:2962:41: warning: format specifies type 'unsigned int' but the argument has type 'VlWide<4>' [-Wformat]
 2962 | printf("top->%s = 0x%x\n", "data", top->data);
      |                     ~~                  ^~~~
../rfuzz-harness.cpp:2988:41: warning: format specifies type 'unsigned int' but the argument has type 'VlWide<4>' [-Wformat]
 2988 | printf("top->%s = 0x%x\n", "data", top->data);
      |                     ~~                  ^~~~
../rfuzz-harness.cpp:3009:40: error: no viable overloaded '='
 3009 |                                 top->q = q_wide;
      |                                 ~~~~~~ ^ ~~~~~~
/opt/homebrew/Cellar/verilator/5.032/share/verilator/include/verilated_types.h:428:8: note: candidate function (the implicit copy assignment operator) not viable: no known conversion from 'VlWide<0>' to 'const VlWide<4>' for 1st argument
  428 | struct VlWide final {
      |        ^~~~~~
/opt/homebrew/Cellar/verilator/5.032/share/verilator/include/verilated_types.h:428:8: note: candidate function (the implicit move assignment operator) not viable: no known conversion from 'VlWide<0>' to 'VlWide<4>' for 1st argument
  428 | struct VlWide final {
      |        ^~~~~~
../rfuzz-harness.cpp:3032:41: warning: format specifies type 'unsigned int' but the argument has type 'VlWide<4>' [-Wformat]
 3032 | printf("top->%s = 0x%x\n", "data", top->data);
      |                     ~~                  ^~~~
../rfuzz-harness.cpp:3058:41: warning: format specifies type 'unsigned int' but the argument has type 'VlWide<4>' [-Wformat]
 3058 | printf("top->%s = 0x%x\n", "data", top->data);
      |                     ~~                  ^~~~
../rfuzz-harness.cpp:3084:41: warning: format specifies type 'unsigned int' but the argument has type 'VlWide<4>' [-Wformat]
 3084 | printf("top->%s = 0x%x\n", "data", top->data);
      |                     ~~                  ^~~~
../rfuzz-harness.cpp:3110:41: warning: format specifies type 'unsigned int' but the argument has type 'VlWide<4>' [-Wformat]
 3110 | printf("top->%s = 0x%x\n", "data", top->data);
      |                     ~~                  ^~~~
../rfuzz-harness.cpp:3136:41: warning: format specifies type 'unsigned int' but the argument has type 'VlWide<4>' [-Wformat]
 3136 | printf("top->%s = 0x%x\n", "data", top->data);
      |                     ~~                  ^~~~
../rfuzz-harness.cpp:3162:41: warning: format specifies type 'unsigned int' but the argument has type 'VlWide<4>' [-Wformat]
 3162 | printf("top->%s = 0x%x\n", "data", top->data);
      |                     ~~                  ^~~~
../rfuzz-harness.cpp:3188:41: warning: format specifies type 'unsigned int' but the argument has type 'VlWide<4>' [-Wformat]
 3188 | printf("top->%s = 0x%x\n", "data", top->data);
      |                     ~~                  ^~~~
../rfuzz-harness.cpp:3214:41: warning: format specifies type 'unsigned int' but the argument has type 'VlWide<4>' [-Wformat]
 3214 | printf("top->%s = 0x%x\n", "data", top->data);
      |                     ~~                  ^~~~
../rfuzz-harness.cpp:3240:41: warning: format specifies type 'unsigned int' but the argument has type 'VlWide<4>' [-Wformat]
 3240 | printf("top->%s = 0x%x\n", "data", top->data);
      |                     ~~                  ^~~~
../rfuzz-harness.cpp:3266:41: warning: format specifies type 'unsigned int' but the argument has type 'VlWide<4>' [-Wformat]
 3266 | printf("top->%s = 0x%x\n", "data", top->data);
      |                     ~~                  ^~~~
../rfuzz-harness.cpp:3292:41: warning: format specifies type 'unsigned int' but the argument has type 'VlWide<4>' [-Wformat]
 3292 | printf("top->%s = 0x%x\n", "data", top->data);
      |                     ~~                  ^~~~
../rfuzz-harness.cpp:3318:41: warning: format specifies type 'unsigned int' but the argument has type 'VlWide<4>' [-Wformat]
 3318 | printf("top->%s = 0x%x\n", "data", top->data);
      |                     ~~                  ^~~~
../rfuzz-harness.cpp:3344:41: warning: format specifies type 'unsigned int' but the argument has type 'VlWide<4>' [-Wformat]
 3344 | printf("top->%s = 0x%x\n", "data", top->data);
      |                     ~~                  ^~~~
../rfuzz-harness.cpp:3370:41: warning: format specifies type 'unsigned int' but the argument has type 'VlWide<4>' [-Wformat]
 3370 | printf("top->%s = 0x%x\n", "data", top->data);
      |                     ~~                  ^~~~
../rfuzz-harness.cpp:3396:41: warning: format specifies type 'unsigned int' but the argument has type 'VlWide<4>' [-Wformat]
 3396 | printf("top->%s = 0x%x\n", "data", top->data);
      |                     ~~                  ^~~~
../rfuzz-harness.cpp:3422:41: warning: format specifies type 'unsigned int' but the argument has type 'VlWide<4>' [-Wformat]
 3422 | printf("top->%s = 0x%x\n", "data", top->data);
      |                     ~~                  ^~~~
../rfuzz-harness.cpp:3448:41: warning: format specifies type 'unsigned int' but the argument has type 'VlWide<4>' [-Wformat]
 3448 | printf("top->%s = 0x%x\n", "data", top->data);
      |                     ~~                  ^~~~
../rfuzz-harness.cpp:3474:41: warning: format specifies type 'unsigned int' but the argument has type 'VlWide<4>' [-Wformat]
 3474 | printf("top->%s = 0x%x\n", "data", top->data);
      |                     ~~                  ^~~~
../rfuzz-harness.cpp:3500:41: warning: format specifies type 'unsigned int' but the argument has type 'VlWide<4>' [-Wformat]
 3500 | printf("top->%s = 0x%x\n", "data", top->data);
      |                     ~~                  ^~~~
../rfuzz-harness.cpp:3526:41: warning: format specifies type 'unsigned int' but the argument has type 'VlWide<4>' [-Wformat]
 3526 | printf("top->%s = 0x%x\n", "data", top->data);
      |                     ~~                  ^~~~
../rfuzz-harness.cpp:3552:41: warning: format specifies type 'unsigned int' but the argument has type 'VlWide<4>' [-Wformat]
 3552 | printf("top->%s = 0x%x\n", "data", top->data);
      |                     ~~                  ^~~~
../rfuzz-harness.cpp:3578:41: warning: format specifies type 'unsigned int' but the argument has type 'VlWide<4>' [-Wformat]
 3578 | printf("top->%s = 0x%x\n", "data", top->data);
      |                     ~~                  ^~~~
../rfuzz-harness.cpp:3604:41: warning: format specifies type 'unsigned int' but the argument has type 'VlWide<4>' [-Wformat]
 3604 | printf("top->%s = 0x%x\n", "data", top->data);
      |                     ~~                  ^~~~
../rfuzz-harness.cpp:3630:41: warning: format specifies type 'unsigned int' but the argument has type 'VlWide<4>' [-Wformat]
 3630 | printf("top->%s = 0x%x\n", "data", top->data);
      |                     ~~                  ^~~~
../rfuzz-harness.cpp:3656:41: warning: format specifies type 'unsigned int' but the argument has type 'VlWide<4>' [-Wformat]
 3656 | printf("top->%s = 0x%x\n", "data", top->data);
      |                     ~~                  ^~~~
../rfuzz-harness.cpp:3682:41: warning: format specifies type 'unsigned int' but the argument has type 'VlWide<4>' [-Wformat]
 3682 | printf("top->%s = 0x%x\n", "data", top->data);
      |                     ~~                  ^~~~
../rfuzz-harness.cpp:3708:41: warning: format specifies type 'unsigned int' but the argument has type 'VlWide<4>' [-Wformat]
 3708 | printf("top->%s = 0x%x\n", "data", top->data);
      |                     ~~                  ^~~~
../rfuzz-harness.cpp:3734:41: warning: format specifies type 'unsigned int' but the argument has type 'VlWide<4>' [-Wformat]
 3734 | printf("top->%s = 0x%x\n", "data", top->data);
      |                     ~~                  ^~~~
../rfuzz-harness.cpp:3760:41: warning: format specifies type 'unsigned int' but the argument has type 'VlWide<4>' [-Wformat]
 3760 | printf("top->%s = 0x%x\n", "data", top->data);
      |                     ~~                  ^~~~
../rfuzz-harness.cpp:3786:41: warning: format specifies type 'unsigned int' but the argument has type 'VlWide<4>' [-Wformat]
 3786 | printf("top->%s = 0x%x\n", "data", top->data);
      |                     ~~                  ^~~~
../rfuzz-harness.cpp:3812:41: warning: format specifies type 'unsigned int' but the argument has type 'VlWide<4>' [-Wformat]
 3812 | printf("top->%s = 0x%x\n", "data", top->data);
      |                     ~~                  ^~~~
../rfuzz-harness.cpp:3838:41: warning: format specifies type 'unsigned int' but the argument has type 'VlWide<4>' [-Wformat]
 3838 | printf("top->%s = 0x%x\n", "data", top->data);
      |                     ~~                  ^~~~
../rfuzz-harness.cpp:3864:41: warning: format specifies type 'unsigned int' but the argument has type 'VlWide<4>' [-Wformat]
 3864 | printf("top->%s = 0x%x\n", "data", top->data);
      |                     ~~                  ^~~~
../rfuzz-harness.cpp:3890:41: warning: format specifies type 'unsigned int' but the argument has type 'VlWide<4>' [-Wformat]
 3890 | printf("top->%s = 0x%x\n", "data", top->data);
      |                     ~~                  ^~~~
../rfuzz-harness.cpp:3916:41: warning: format specifies type 'unsigned int' but the argument has type 'VlWide<4>' [-Wformat]
 3916 | printf("top->%s = 0x%x\n", "data", top->data);
      |                     ~~                  ^~~~
../rfuzz-harness.cpp:3942:41: warning: format specifies type 'unsigned int' but the argument has type 'VlWide<4>' [-Wformat]
 3942 | printf("top->%s = 0x%x\n", "data", top->data);
      |                     ~~                  ^~~~
../rfuzz-harness.cpp:3968:41: warning: format specifies type 'unsigned int' but the argument has type 'VlWide<4>' [-Wformat]
 3968 | printf("top->%s = 0x%x\n", "data", top->data);
      |                     ~~                  ^~~~
../rfuzz-harness.cpp:3994:41: warning: format specifies type 'unsigned int' but the argument has type 'VlWide<4>' [-Wformat]
 3994 | printf("top->%s = 0x%x\n", "data", top->data);
      |                     ~~                  ^~~~
../rfuzz-harness.cpp:4020:41: warning: format specifies type 'unsigned int' but the argument has type 'VlWide<4>' [-Wformat]
 4020 | printf("top->%s = 0x%x\n", "data", top->data);
      |                     ~~                  ^~~~
../rfuzz-harness.cpp:4046:41: warning: format specifies type 'unsigned int' but the argument has type 'VlWide<4>' [-Wformat]
 4046 | printf("top->%s = 0x%x\n", "data", top->data);
      |                     ~~                  ^~~~
../rfuzz-harness.cpp:4072:41: warning: format specifies type 'unsigned int' but the argument has type 'VlWide<4>' [-Wformat]
 4072 | printf("top->%s = 0x%x\n", "data", top->data);
      |                     ~~                  ^~~~
../rfuzz-harness.cpp:4098:41: warning: format specifies type 'unsigned int' but the argument has type 'VlWide<4>' [-Wformat]
 4098 | printf("top->%s = 0x%x\n", "data", top->data);
      |                     ~~                  ^~~~
../rfuzz-harness.cpp:4124:41: warning: format specifies type 'unsigned int' but the argument has type 'VlWide<4>' [-Wformat]
 4124 | printf("top->%s = 0x%x\n", "data", top->data);
      |                     ~~                  ^~~~
../rfuzz-harness.cpp:4150:41: warning: format specifies type 'unsigned int' but the argument has type 'VlWide<4>' [-Wformat]
 4150 | printf("top->%s = 0x%x\n", "data", top->data);
      |                     ~~                  ^~~~
../rfuzz-harness.cpp:4176:41: warning: format specifies type 'unsigned int' but the argument has type 'VlWide<4>' [-Wformat]
 4176 | printf("top->%s = 0x%x\n", "data", top->data);
      |                     ~~                  ^~~~
../rfuzz-harness.cpp:4202:41: warning: format specifies type 'unsigned int' but the argument has type 'VlWide<4>' [-Wformat]
 4202 | printf("top->%s = 0x%x\n", "data", top->data);
      |                     ~~                  ^~~~
../rfuzz-harness.cpp:4228:41: warning: format specifies type 'unsigned int' but the argument has type 'VlWide<4>' [-Wformat]
 4228 | printf("top->%s = 0x%x\n", "data", top->data);
      |                     ~~                  ^~~~
../rfuzz-harness.cpp:4254:41: warning: format specifies type 'unsigned int' but the argument has type 'VlWide<4>' [-Wformat]
 4254 | printf("top->%s = 0x%x\n", "data", top->data);
      |                     ~~                  ^~~~
../rfuzz-harness.cpp:4280:41: warning: format specifies type 'unsigned int' but the argument has type 'VlWide<4>' [-Wformat]
 4280 | printf("top->%s = 0x%x\n", "data", top->data);
      |                     ~~                  ^~~~
../rfuzz-harness.cpp:4306:41: warning: format specifies type 'unsigned int' but the argument has type 'VlWide<4>' [-Wformat]
 4306 | printf("top->%s = 0x%x\n", "data", top->data);
      |                     ~~                  ^~~~
../rfuzz-harness.cpp:4332:41: warning: format specifies type 'unsigned int' but the argument has type 'VlWide<4>' [-Wformat]
 4332 | printf("top->%s = 0x%x\n", "data", top->data);
      |                     ~~                  ^~~~
../rfuzz-harness.cpp:4358:41: warning: format specifies type 'unsigned int' but the argument has type 'VlWide<4>' [-Wformat]
 4358 | printf("top->%s = 0x%x\n", "data", top->data);
      |                     ~~                  ^~~~
../rfuzz-harness.cpp:4384:41: warning: format specifies type 'unsigned int' but the argument has type 'VlWide<4>' [-Wformat]
 4384 | printf("top->%s = 0x%x\n", "data", top->data);
      |                     ~~                  ^~~~
../rfuzz-harness.cpp:4410:41: warning: format specifies type 'unsigned int' but the argument has type 'VlWide<4>' [-Wformat]
 4410 | printf("top->%s = 0x%x\n", "data", top->data);
      |                     ~~                  ^~~~
../rfuzz-harness.cpp:4436:41: warning: format specifies type 'unsigned int' but the argument has type 'VlWide<4>' [-Wformat]
 4436 | printf("top->%s = 0x%x\n", "data", top->data);
      |                     ~~                  ^~~~
../rfuzz-harness.cpp:4462:41: warning: format specifies type 'unsigned int' but the argument has type 'VlWide<4>' [-Wformat]
 4462 | printf("top->%s = 0x%x\n", "data", top->data);
      |                     ~~                  ^~~~
../rfuzz-harness.cpp:4488:41: warning: format specifies type 'unsigned int' but the argument has type 'VlWide<4>' [-Wformat]
 4488 | printf("top->%s = 0x%x\n", "data", top->data);
      |                     ~~                  ^~~~
../rfuzz-harness.cpp:4514:41: warning: format specifies type 'unsigned int' but the argument has type 'VlWide<4>' [-Wformat]
 4514 | printf("top->%s = 0x%x\n", "data", top->data);
      |                     ~~                  ^~~~
../rfuzz-harness.cpp:4540:41: warning: format specifies type 'unsigned int' but the argument has type 'VlWide<4>' [-Wformat]
 4540 | printf("top->%s = 0x%x\n", "data", top->data);
      |                     ~~                  ^~~~
../rfuzz-harness.cpp:4566:41: warning: format specifies type 'unsigned int' but the argument has type 'VlWide<4>' [-Wformat]
 4566 | printf("top->%s = 0x%x\n", "data", top->data);
      |                     ~~                  ^~~~
../rfuzz-harness.cpp:4592:41: warning: format specifies type 'unsigned int' but the argument has type 'VlWide<4>' [-Wformat]
 4592 | printf("top->%s = 0x%x\n", "data", top->data);
      |                     ~~                  ^~~~
../rfuzz-harness.cpp:4618:41: warning: format specifies type 'unsigned int' but the argument has type 'VlWide<4>' [-Wformat]
 4618 | printf("top->%s = 0x%x\n", "data", top->data);
      |                     ~~                  ^~~~
../rfuzz-harness.cpp:4644:41: warning: format specifies type 'unsigned int' but the argument has type 'VlWide<4>' [-Wformat]
 4644 | printf("top->%s = 0x%x\n", "data", top->data);
      |                     ~~                  ^~~~
../rfuzz-harness.cpp:4670:41: warning: format specifies type 'unsigned int' but the argument has type 'VlWide<4>' [-Wformat]
 4670 | printf("top->%s = 0x%x\n", "data", top->data);
      |                     ~~                  ^~~~
../rfuzz-harness.cpp:4696:41: warning: format specifies type 'unsigned int' but the argument has type 'VlWide<4>' [-Wformat]
 4696 | printf("top->%s = 0x%x\n", "data", top->data);
      |                     ~~                  ^~~~
../rfuzz-harness.cpp:4722:41: warning: format specifies type 'unsigned int' but the argument has type 'VlWide<4>' [-Wformat]
 4722 | printf("top->%s = 0x%x\n", "data", top->data);
      |                     ~~                  ^~~~
../rfuzz-harness.cpp:4748:41: warning: format specifies type 'unsigned int' but the argument has type 'VlWide<4>' [-Wformat]
 4748 | printf("top->%s = 0x%x\n", "data", top->data);
      |                     ~~                  ^~~~
../rfuzz-harness.cpp:4774:41: warning: format specifies type 'unsigned int' but the argument has type 'VlWide<4>' [-Wformat]
 4774 | printf("top->%s = 0x%x\n", "data", top->data);
      |                     ~~                  ^~~~
../rfuzz-harness.cpp:4800:41: warning: format specifies type 'unsigned int' but the argument has type 'VlWide<4>' [-Wformat]
 4800 | printf("top->%s = 0x%x\n", "data", top->data);
      |                     ~~                  ^~~~
../rfuzz-harness.cpp:4826:41: warning: format specifies type 'unsigned int' but the argument has type 'VlWide<4>' [-Wformat]
 4826 | printf("top->%s = 0x%x\n", "data", top->data);
      |                     ~~                  ^~~~
../rfuzz-harness.cpp:4852:41: warning: format specifies type 'unsigned int' but the argument has type 'VlWide<4>' [-Wformat]
 4852 | printf("top->%s = 0x%x\n", "data", top->data);
      |                     ~~                  ^~~~
../rfuzz-harness.cpp:4878:41: warning: format specifies type 'unsigned int' but the argument has type 'VlWide<4>' [-Wformat]
 4878 | printf("top->%s = 0x%x\n", "data", top->data);
      |                     ~~                  ^~~~
../rfuzz-harness.cpp:4904:41: warning: format specifies type 'unsigned int' but the argument has type 'VlWide<4>' [-Wformat]
 4904 | printf("top->%s = 0x%x\n", "data", top->data);
      |                     ~~                  ^~~~
../rfuzz-harness.cpp:4930:41: warning: format specifies type 'unsigned int' but the argument has type 'VlWide<4>' [-Wformat]
 4930 | printf("top->%s = 0x%x\n", "data", top->data);
      |                     ~~                  ^~~~
../rfuzz-harness.cpp:4956:41: warning: format specifies type 'unsigned int' but the argument has type 'VlWide<4>' [-Wformat]
 4956 | printf("top->%s = 0x%x\n", "data", top->data);
      |                     ~~                  ^~~~
../rfuzz-harness.cpp:4982:41: warning: format specifies type 'unsigned int' but the argument has type 'VlWide<4>' [-Wformat]
 4982 | printf("top->%s = 0x%x\n", "data", top->data);
      |                     ~~                  ^~~~
../rfuzz-harness.cpp:5008:41: warning: format specifies type 'unsigned int' but the argument has type 'VlWide<4>' [-Wformat]
 5008 | printf("top->%s = 0x%x\n", "data", top->data);
      |                     ~~                  ^~~~
../rfuzz-harness.cpp:5034:41: warning: format specifies type 'unsigned int' but the argument has type 'VlWide<4>' [-Wformat]
 5034 | printf("top->%s = 0x%x\n", "data", top->data);
      |                     ~~                  ^~~~
../rfuzz-harness.cpp:5060:41: warning: format specifies type 'unsigned int' but the argument has type 'VlWide<4>' [-Wformat]
 5060 | printf("top->%s = 0x%x\n", "data", top->data);
      |                     ~~                  ^~~~
../rfuzz-harness.cpp:5086:41: warning: format specifies type 'unsigned int' but the argument has type 'VlWide<4>' [-Wformat]
 5086 | printf("top->%s = 0x%x\n", "data", top->data);
      |                     ~~                  ^~~~
../rfuzz-harness.cpp:5112:41: warning: format specifies type 'unsigned int' but the argument has type 'VlWide<4>' [-Wformat]
 5112 | printf("top->%s = 0x%x\n", "data", top->data);
      |                     ~~                  ^~~~
../rfuzz-harness.cpp:5138:41: warning: format specifies type 'unsigned int' but the argument has type 'VlWide<4>' [-Wformat]
 5138 | printf("top->%s = 0x%x\n", "data", top->data);
      |                     ~~                  ^~~~
../rfuzz-harness.cpp:5164:41: warning: format specifies type 'unsigned int' but the argument has type 'VlWide<4>' [-Wformat]
 5164 | printf("top->%s = 0x%x\n", "data", top->data);
      |                     ~~                  ^~~~
../rfuzz-harness.cpp:5190:41: warning: format specifies type 'unsigned int' but the argument has type 'VlWide<4>' [-Wformat]
 5190 | printf("top->%s = 0x%x\n", "data", top->data);
      |                     ~~                  ^~~~
../rfuzz-harness.cpp:5216:41: warning: format specifies type 'unsigned int' but the argument has type 'VlWide<4>' [-Wformat]
 5216 | printf("top->%s = 0x%x\n", "data", top->data);
      |                     ~~                  ^~~~
../rfuzz-harness.cpp:5242:41: warning: format specifies type 'unsigned int' but the argument has type 'VlWide<4>' [-Wformat]
 5242 | printf("top->%s = 0x%x\n", "data", top->data);
      |                     ~~                  ^~~~
../rfuzz-harness.cpp:5268:41: warning: format specifies type 'unsigned int' but the argument has type 'VlWide<4>' [-Wformat]
 5268 | printf("top->%s = 0x%x\n", "data", top->data);
      |                     ~~                  ^~~~
../rfuzz-harness.cpp:5294:41: warning: format specifies type 'unsigned int' but the argument has type 'VlWide<4>' [-Wformat]
 5294 | printf("top->%s = 0x%x\n", "data", top->data);
      |                     ~~                  ^~~~
../rfuzz-harness.cpp:5320:41: warning: format specifies type 'unsigned int' but the argument has type 'VlWide<4>' [-Wformat]
 5320 | printf("top->%s = 0x%x\n", "data", top->data);
      |                     ~~                  ^~~~
../rfuzz-harness.cpp:5346:41: warning: format specifies type 'unsigned int' but the argument has type 'VlWide<4>' [-Wformat]
 5346 | printf("top->%s = 0x%x\n", "data", top->data);
      |                     ~~                  ^~~~
../rfuzz-harness.cpp:5372:41: warning: format specifies type 'unsigned int' but the argument has type 'VlWide<4>' [-Wformat]
 5372 | printf("top->%s = 0x%x\n", "data", top->data);
      |                     ~~                  ^~~~
../rfuzz-harness.cpp:5398:41: warning: format specifies type 'unsigned int' but the argument has type 'VlWide<4>' [-Wformat]
 5398 | printf("top->%s = 0x%x\n", "data", top->data);
      |                     ~~                  ^~~~
../rfuzz-harness.cpp:5424:41: warning: format specifies type 'unsigned int' but the argument has type 'VlWide<4>' [-Wformat]
 5424 | printf("top->%s = 0x%x\n", "data", top->data);
      |                     ~~                  ^~~~
../rfuzz-harness.cpp:5450:41: warning: format specifies type 'unsigned int' but the argument has type 'VlWide<4>' [-Wformat]
 5450 | printf("top->%s = 0x%x\n", "data", top->data);
      |                     ~~                  ^~~~
../rfuzz-harness.cpp:5476:41: warning: format specifies type 'unsigned int' but the argument has type 'VlWide<4>' [-Wformat]
 5476 | printf("top->%s = 0x%x\n", "data", top->data);
      |                     ~~                  ^~~~
../rfuzz-harness.cpp:5502:41: warning: format specifies type 'unsigned int' but the argument has type 'VlWide<4>' [-Wformat]
 5502 | printf("top->%s = 0x%x\n", "data", top->data);
      |                     ~~                  ^~~~
../rfuzz-harness.cpp:5528:41: warning: format specifies type 'unsigned int' but the argument has type 'VlWide<4>' [-Wformat]
 5528 | printf("top->%s = 0x%x\n", "data", top->data);
      |                     ~~                  ^~~~
../rfuzz-harness.cpp:5554:41: warning: format specifies type 'unsigned int' but the argument has type 'VlWide<4>' [-Wformat]
 5554 | printf("top->%s = 0x%x\n", "data", top->data);
      |                     ~~                  ^~~~
../rfuzz-harness.cpp:5580:41: warning: format specifies type 'unsigned int' but the argument has type 'VlWide<4>' [-Wformat]
 5580 | printf("top->%s = 0x%x\n", "data", top->data);
      |                     ~~                  ^~~~
../rfuzz-harness.cpp:5606:41: warning: format specifies type 'unsigned int' but the argument has type 'VlWide<4>' [-Wformat]
 5606 | printf("top->%s = 0x%x\n", "data", top->data);
      |                     ~~                  ^~~~
../rfuzz-harness.cpp:5632:41: warning: format specifies type 'unsigned int' but the argument has type 'VlWide<4>' [-Wformat]
 5632 | printf("top->%s = 0x%x\n", "data", top->data);
      |                     ~~                  ^~~~
../rfuzz-harness.cpp:5658:41: warning: format specifies type 'unsigned int' but the argument has type 'VlWide<4>' [-Wformat]
 5658 | printf("top->%s = 0x%x\n", "data", top->data);
      |                     ~~                  ^~~~
../rfuzz-harness.cpp:5679:40: error: no viable overloaded '='
 5679 |                                 top->q = q_wide;
      |                                 ~~~~~~ ^ ~~~~~~
/opt/homebrew/Cellar/verilator/5.032/share/verilator/include/verilated_types.h:428:8: note: candidate function (the implicit copy assignment operator) not viable: no known conversion from 'VlWide<0>' to 'const VlWide<4>' for 1st argument
  428 | struct VlWide final {
      |        ^~~~~~
/opt/homebrew/Cellar/verilator/5.032/share/verilator/include/verilated_types.h:428:8: note: candidate function (the implicit move assignment operator) not viable: no known conversion from 'VlWide<0>' to 'VlWide<4>' for 1st argument
  428 | struct VlWide final {
      |        ^~~~~~
../rfuzz-harness.cpp:5702:41: warning: format specifies type 'unsigned int' but the argument has type 'VlWide<4>' [-Wformat]
 5702 | printf("top->%s = 0x%x\n", "data", top->data);
      |                     ~~                  ^~~~
../rfuzz-harness.cpp:5728:41: warning: format specifies type 'unsigned int' but the argument has type 'VlWide<4>' [-Wformat]
 5728 | printf("top->%s = 0x%x\n", "data", top->data);
      |                     ~~                  ^~~~
../rfuzz-harness.cpp:5754:41: warning: format specifies type 'unsigned int' but the argument has type 'VlWide<4>' [-Wformat]
 5754 | printf("top->%s = 0x%x\n", "data", top->data);
      |                     ~~                  ^~~~
../rfuzz-harness.cpp:5780:41: warning: format specifies type 'unsigned int' but the argument has type 'VlWide<4>' [-Wformat]
 5780 | printf("top->%s = 0x%x\n", "data", top->data);
      |                     ~~                  ^~~~
../rfuzz-harness.cpp:5806:41: warning: format specifies type 'unsigned int' but the argument has type 'VlWide<4>' [-Wformat]
 5806 | printf("top->%s = 0x%x\n", "data", top->data);
      |                     ~~                  ^~~~
../rfuzz-harness.cpp:5827:40: error: no viable overloaded '='
 5827 |                                 top->q = q_wide;
      |                                 ~~~~~~ ^ ~~~~~~
/opt/homebrew/Cellar/verilator/5.032/share/verilator/include/verilated_types.h:428:8: note: candidate function (the implicit copy assignment operator) not viable: no known conversion from 'VlWide<0>' to 'const VlWide<4>' for 1st argument
  428 | struct VlWide final {
      |        ^~~~~~
/opt/homebrew/Cellar/verilator/5.032/share/verilator/include/verilated_types.h:428:8: note: candidate function (the implicit move assignment operator) not viable: no known conversion from 'VlWide<0>' to 'VlWide<4>' for 1st argument
  428 | struct VlWide final {
      |        ^~~~~~
../rfuzz-harness.cpp:5850:41: warning: format specifies type 'unsigned int' but the argument has type 'VlWide<4>' [-Wformat]
 5850 | printf("top->%s = 0x%x\n", "data", top->data);
      |                     ~~                  ^~~~
../rfuzz-harness.cpp:5876:41: warning: format specifies type 'unsigned int' but the argument has type 'VlWide<4>' [-Wformat]
 5876 | printf("top->%s = 0x%x\n", "data", top->data);
      |                     ~~                  ^~~~
../rfuzz-harness.cpp:5902:41: warning: format specifies type 'unsigned int' but the argument has type 'VlWide<4>' [-Wformat]
 5902 | printf("top->%s = 0x%x\n", "data", top->data);
      |                     ~~                  ^~~~
../rfuzz-harness.cpp:5928:41: warning: format specifies type 'unsigned int' but the argument has type 'VlWide<4>' [-Wformat]
 5928 | printf("top->%s = 0x%x\n", "data", top->data);
      |                     ~~                  ^~~~
../rfuzz-harness.cpp:5954:41: warning: format specifies type 'unsigned int' but the argument has type 'VlWide<4>' [-Wformat]
 5954 | printf("top->%s = 0x%x\n", "data", top->data);
      |                     ~~                  ^~~~
../rfuzz-harness.cpp:5975:40: error: no viable overloaded '='
 5975 |                                 top->q = q_wide;
      |                                 ~~~~~~ ^ ~~~~~~
/opt/homebrew/Cellar/verilator/5.032/share/verilator/include/verilated_types.h:428:8: note: candidate function (the implicit copy assignment operator) not viable: no known conversion from 'VlWide<0>' to 'const VlWide<4>' for 1st argument
  428 | struct VlWide final {
      |        ^~~~~~
/opt/homebrew/Cellar/verilator/5.032/share/verilator/include/verilated_types.h:428:8: note: candidate function (the implicit move assignment operator) not viable: no known conversion from 'VlWide<0>' to 'VlWide<4>' for 1st argument
  428 | struct VlWide final {
      |        ^~~~~~
../rfuzz-harness.cpp:5998:41: warning: format specifies type 'unsigned int' but the argument has type 'VlWide<4>' [-Wformat]
 5998 | printf("top->%s = 0x%x\n", "data", top->data);
      |                     ~~                  ^~~~
../rfuzz-harness.cpp:6024:41: warning: format specifies type 'unsigned int' but the argument has type 'VlWide<4>' [-Wformat]
 6024 | printf("top->%s = 0x%x\n", "data", top->data);
      |                     ~~                  ^~~~
../rfuzz-harness.cpp:6050:41: warning: format specifies type 'unsigned int' but the argument has type 'VlWide<4>' [-Wformat]
 6050 | printf("top->%s = 0x%x\n", "data", top->data);
      |                     ~~                  ^~~~
../rfuzz-harness.cpp:6076:41: warning: format specifies type 'unsigned int' but the argument has type 'VlWide<4>' [-Wformat]
 6076 | printf("top->%s = 0x%x\n", "data", top->data);
      |                     ~~                  ^~~~
../rfuzz-harness.cpp:6102:41: warning: format specifies type 'unsigned int' but the argument has type 'VlWide<4>' [-Wformat]
 6102 | printf("top->%s = 0x%x\n", "data", top->data);
      |                     ~~                  ^~~~
../rfuzz-harness.cpp:6128:41: warning: format specifies type 'unsigned int' but the argument has type 'VlWide<4>' [-Wformat]
 6128 | printf("top->%s = 0x%x\n", "data", top->data);
      |                     ~~                  ^~~~
../rfuzz-harness.cpp:6149:40: error: no viable overloaded '='
 6149 |                                 top->q = q_wide;
      |                                 ~~~~~~ ^ ~~~~~~
/opt/homebrew/Cellar/verilator/5.032/share/verilator/include/verilated_types.h:428:8: note: candidate function (the implicit copy assignment operator) not viable: no known conversion from 'VlWide<0>' to 'const VlWide<4>' for 1st argument
  428 | struct VlWide final {
      |        ^~~~~~
/opt/homebrew/Cellar/verilator/5.032/share/verilator/include/verilated_types.h:428:8: note: candidate function (the implicit move assignment operator) not viable: no known conversion from 'VlWide<0>' to 'VlWide<4>' for 1st argument
  428 | struct VlWide final {
      |        ^~~~~~
../rfuzz-harness.cpp:6172:41: warning: format specifies type 'unsigned int' but the argument has type 'VlWide<4>' [-Wformat]
 6172 | printf("top->%s = 0x%x\n", "data", top->data);
      |                     ~~                  ^~~~
../rfuzz-harness.cpp:6198:41: warning: format specifies type 'unsigned int' but the argument has type 'VlWide<4>' [-Wformat]
 6198 | printf("top->%s = 0x%x\n", "data", top->data);
      |                     ~~                  ^~~~
../rfuzz-harness.cpp:6224:41: warning: format specifies type 'unsigned int' but the argument has type 'VlWide<4>' [-Wformat]
 6224 | printf("top->%s = 0x%x\n", "data", top->data);
      |                     ~~                  ^~~~
../rfuzz-harness.cpp:6250:41: warning: format specifies type 'unsigned int' but the argument has type 'VlWide<4>' [-Wformat]
 6250 | printf("top->%s = 0x%x\n", "data", top->data);
      |                     ~~                  ^~~~
../rfuzz-harness.cpp:6271:40: error: no viable overloaded '='
 6271 |                                 top->q = q_wide;
      |                                 ~~~~~~ ^ ~~~~~~
/opt/homebrew/Cellar/verilator/5.032/share/verilator/include/verilated_types.h:428:8: note: candidate function (the implicit copy assignment operator) not viable: no known conversion from 'VlWide<0>' to 'const VlWide<4>' for 1st argument
  428 | struct VlWide final {
      |        ^~~~~~
/opt/homebrew/Cellar/verilator/5.032/share/verilator/include/verilated_types.h:428:8: note: candidate function (the implicit move assignment operator) not viable: no known conversion from 'VlWide<0>' to 'VlWide<4>' for 1st argument
  428 | struct VlWide final {
      |        ^~~~~~
../rfuzz-harness.cpp:6294:41: warning: format specifies type 'unsigned int' but the argument has type 'VlWide<4>' [-Wformat]
 6294 | printf("top->%s = 0x%x\n", "data", top->data);
      |                     ~~                  ^~~~
../rfuzz-harness.cpp:6320:41: warning: format specifies type 'unsigned int' but the argument has type 'VlWide<4>' [-Wformat]
 6320 | printf("top->%s = 0x%x\n", "data", top->data);
      |                     ~~                  ^~~~
../rfuzz-harness.cpp:6346:41: warning: format specifies type 'unsigned int' but the argument has type 'VlWide<4>' [-Wformat]
 6346 | printf("top->%s = 0x%x\n", "data", top->data);
      |                     ~~                  ^~~~
../rfuzz-harness.cpp:6372:41: warning: format specifies type 'unsigned int' but the argument has type 'VlWide<4>' [-Wformat]
 6372 | printf("top->%s = 0x%x\n", "data", top->data);
      |                     ~~                  ^~~~
../rfuzz-harness.cpp:6393:40: error: no viable overloaded '='
 6393 |                                 top->q = q_wide;
      |                                 ~~~~~~ ^ ~~~~~~
/opt/homebrew/Cellar/verilator/5.032/share/verilator/include/verilated_types.h:428:8: note: candidate function (the implicit copy assignment operator) not viable: no known conversion from 'VlWide<0>' to 'const VlWide<4>' for 1st argument
  428 | struct VlWide final {
      |        ^~~~~~
/opt/homebrew/Cellar/verilator/5.032/share/verilator/include/verilated_types.h:428:8: note: candidate function (the implicit move assignment operator) not viable: no known conversion from 'VlWide<0>' to 'VlWide<4>' for 1st argument
  428 | struct VlWide final {
      |        ^~~~~~
../rfuzz-harness.cpp:6416:41: warning: format specifies type 'unsigned int' but the argument has type 'VlWide<4>' [-Wformat]
 6416 | printf("top->%s = 0x%x\n", "data", top->data);
      |                     ~~                  ^~~~
../rfuzz-harness.cpp:6442:41: warning: format specifies type 'unsigned int' but the argument has type 'VlWide<4>' [-Wformat]
 6442 | printf("top->%s = 0x%x\n", "data", top->data);
      |                     ~~                  ^~~~
../rfuzz-harness.cpp:6468:41: warning: format specifies type 'unsigned int' but the argument has type 'VlWide<4>' [-Wformat]
 6468 | printf("top->%s = 0x%x\n", "data", top->data);
      |                     ~~                  ^~~~
../rfuzz-harness.cpp:6494:41: warning: format specifies type 'unsigned int' but the argument has type 'VlWide<4>' [-Wformat]
 6494 | printf("top->%s = 0x%x\n", "data", top->data);
      |                     ~~                  ^~~~
../rfuzz-harness.cpp:6520:41: warning: format specifies type 'unsigned int' but the argument has type 'VlWide<4>' [-Wformat]
 6520 | printf("top->%s = 0x%x\n", "data", top->data);
      |                     ~~                  ^~~~
243 warnings and 11 errors generated.
make[1]: *** [rfuzz-harness.o] Error 1
make: *** [run] Error 2
