verilator -cc --exe -x-assign fast -Wall --assert --coverage-line -Wno-WIDTHEXPAND -Wno-BLKSEQ -Wno-VARHIDDEN -Wno-WIDTHTRUNC -Wno-UNUSEDSIGNAL -f input.vc top_module.v sim-main.cpp rfuzz-harness.cpp
- V e r i l a t i o n   R e p o r t: Verilator 5.032 2025-01-01 rev UNKNOWN.REV
- Verilator: Built from 0.000 MB sources in 0 modules, into 0.000 MB in 0 C++ files needing 0.000 MB
- Verilator: Walltime 0.001 s (elab=0.000, cvt=0.000, bld=0.000); cpu 0.001 s on 1 threads
cd obj_dir && make -f Vtop_module.mk
c++  -I.  -MMD -I/opt/homebrew/Cellar/verilator/5.032/share/verilator/include -I/opt/homebrew/Cellar/verilator/5.032/share/verilator/include/vltstd -DVM_COVERAGE=1 -DVM_SC=0 -DVM_TIMING=0 -DVM_TRACE=0 -DVM_TRACE_FST=0 -DVM_TRACE_VCD=0 -faligned-new -fbracket-depth=4096 -fcf-protection=none -Qunused-arguments -Wno-bool-operation -Wno-c++11-narrowing -Wno-constant-logical-operand -Wno-non-pod-varargs -Wno-parentheses-equality -Wno-shadow -Wno-sign-compare -Wno-tautological-bitwise-compare -Wno-tautological-compare -Wno-uninitialized -Wno-unused-but-set-parameter -Wno-unused-but-set-variable -Wno-unused-parameter -Wno-unused-variable     -std=gnu++17 -Os  -c -o rfuzz-harness.o ../rfuzz-harness.cpp
../rfuzz-harness.cpp:25:40: error: no viable overloaded '='
   25 |                                 top->q = q_wide;
      |                                 ~~~~~~ ^ ~~~~~~
/opt/homebrew/Cellar/verilator/5.032/share/verilator/include/verilated_types.h:428:8: note: candidate function (the implicit copy assignment operator) not viable: no known conversion from 'VlWide<0>' to 'const VlWide<8>' for 1st argument
  428 | struct VlWide final {
      |        ^~~~~~
/opt/homebrew/Cellar/verilator/5.032/share/verilator/include/verilated_types.h:428:8: note: candidate function (the implicit move assignment operator) not viable: no known conversion from 'VlWide<0>' to 'VlWide<8>' for 1st argument
  428 | struct VlWide final {
      |        ^~~~~~
../rfuzz-harness.cpp:54:41: warning: format specifies type 'unsigned int' but the argument has type 'VlWide<8>' [-Wformat]
   54 | printf("top->%s = 0x%x\n", "data", top->data);
      |                     ~~                  ^~~~
../rfuzz-harness.cpp:86:41: warning: format specifies type 'unsigned int' but the argument has type 'VlWide<8>' [-Wformat]
   86 | printf("top->%s = 0x%x\n", "data", top->data);
      |                     ~~                  ^~~~
../rfuzz-harness.cpp:118:41: warning: format specifies type 'unsigned int' but the argument has type 'VlWide<8>' [-Wformat]
  118 | printf("top->%s = 0x%x\n", "data", top->data);
      |                     ~~                  ^~~~
../rfuzz-harness.cpp:139:40: error: no viable overloaded '='
  139 |                                 top->q = q_wide;
      |                                 ~~~~~~ ^ ~~~~~~
/opt/homebrew/Cellar/verilator/5.032/share/verilator/include/verilated_types.h:428:8: note: candidate function (the implicit copy assignment operator) not viable: no known conversion from 'VlWide<0>' to 'const VlWide<8>' for 1st argument
  428 | struct VlWide final {
      |        ^~~~~~
/opt/homebrew/Cellar/verilator/5.032/share/verilator/include/verilated_types.h:428:8: note: candidate function (the implicit move assignment operator) not viable: no known conversion from 'VlWide<0>' to 'VlWide<8>' for 1st argument
  428 | struct VlWide final {
      |        ^~~~~~
../rfuzz-harness.cpp:168:41: warning: format specifies type 'unsigned int' but the argument has type 'VlWide<8>' [-Wformat]
  168 | printf("top->%s = 0x%x\n", "data", top->data);
      |                     ~~                  ^~~~
../rfuzz-harness.cpp:200:41: warning: format specifies type 'unsigned int' but the argument has type 'VlWide<8>' [-Wformat]
  200 | printf("top->%s = 0x%x\n", "data", top->data);
      |                     ~~                  ^~~~
../rfuzz-harness.cpp:232:41: warning: format specifies type 'unsigned int' but the argument has type 'VlWide<8>' [-Wformat]
  232 | printf("top->%s = 0x%x\n", "data", top->data);
      |                     ~~                  ^~~~
../rfuzz-harness.cpp:264:41: warning: format specifies type 'unsigned int' but the argument has type 'VlWide<8>' [-Wformat]
  264 | printf("top->%s = 0x%x\n", "data", top->data);
      |                     ~~                  ^~~~
../rfuzz-harness.cpp:285:40: error: no viable overloaded '='
  285 |                                 top->q = q_wide;
      |                                 ~~~~~~ ^ ~~~~~~
/opt/homebrew/Cellar/verilator/5.032/share/verilator/include/verilated_types.h:428:8: note: candidate function (the implicit copy assignment operator) not viable: no known conversion from 'VlWide<0>' to 'const VlWide<8>' for 1st argument
  428 | struct VlWide final {
      |        ^~~~~~
/opt/homebrew/Cellar/verilator/5.032/share/verilator/include/verilated_types.h:428:8: note: candidate function (the implicit move assignment operator) not viable: no known conversion from 'VlWide<0>' to 'VlWide<8>' for 1st argument
  428 | struct VlWide final {
      |        ^~~~~~
../rfuzz-harness.cpp:314:41: warning: format specifies type 'unsigned int' but the argument has type 'VlWide<8>' [-Wformat]
  314 | printf("top->%s = 0x%x\n", "data", top->data);
      |                     ~~                  ^~~~
../rfuzz-harness.cpp:346:41: warning: format specifies type 'unsigned int' but the argument has type 'VlWide<8>' [-Wformat]
  346 | printf("top->%s = 0x%x\n", "data", top->data);
      |                     ~~                  ^~~~
../rfuzz-harness.cpp:378:41: warning: format specifies type 'unsigned int' but the argument has type 'VlWide<8>' [-Wformat]
  378 | printf("top->%s = 0x%x\n", "data", top->data);
      |                     ~~                  ^~~~
../rfuzz-harness.cpp:410:41: warning: format specifies type 'unsigned int' but the argument has type 'VlWide<8>' [-Wformat]
  410 | printf("top->%s = 0x%x\n", "data", top->data);
      |                     ~~                  ^~~~
../rfuzz-harness.cpp:442:41: warning: format specifies type 'unsigned int' but the argument has type 'VlWide<8>' [-Wformat]
  442 | printf("top->%s = 0x%x\n", "data", top->data);
      |                     ~~                  ^~~~
../rfuzz-harness.cpp:463:40: error: no viable overloaded '='
  463 |                                 top->q = q_wide;
      |                                 ~~~~~~ ^ ~~~~~~
/opt/homebrew/Cellar/verilator/5.032/share/verilator/include/verilated_types.h:428:8: note: candidate function (the implicit copy assignment operator) not viable: no known conversion from 'VlWide<0>' to 'const VlWide<8>' for 1st argument
  428 | struct VlWide final {
      |        ^~~~~~
/opt/homebrew/Cellar/verilator/5.032/share/verilator/include/verilated_types.h:428:8: note: candidate function (the implicit move assignment operator) not viable: no known conversion from 'VlWide<0>' to 'VlWide<8>' for 1st argument
  428 | struct VlWide final {
      |        ^~~~~~
../rfuzz-harness.cpp:492:41: warning: format specifies type 'unsigned int' but the argument has type 'VlWide<8>' [-Wformat]
  492 | printf("top->%s = 0x%x\n", "data", top->data);
      |                     ~~                  ^~~~
../rfuzz-harness.cpp:524:41: warning: format specifies type 'unsigned int' but the argument has type 'VlWide<8>' [-Wformat]
  524 | printf("top->%s = 0x%x\n", "data", top->data);
      |                     ~~                  ^~~~
../rfuzz-harness.cpp:556:41: warning: format specifies type 'unsigned int' but the argument has type 'VlWide<8>' [-Wformat]
  556 | printf("top->%s = 0x%x\n", "data", top->data);
      |                     ~~                  ^~~~
../rfuzz-harness.cpp:588:41: warning: format specifies type 'unsigned int' but the argument has type 'VlWide<8>' [-Wformat]
  588 | printf("top->%s = 0x%x\n", "data", top->data);
      |                     ~~                  ^~~~
../rfuzz-harness.cpp:609:40: error: no viable overloaded '='
  609 |                                 top->q = q_wide;
      |                                 ~~~~~~ ^ ~~~~~~
/opt/homebrew/Cellar/verilator/5.032/share/verilator/include/verilated_types.h:428:8: note: candidate function (the implicit copy assignment operator) not viable: no known conversion from 'VlWide<0>' to 'const VlWide<8>' for 1st argument
  428 | struct VlWide final {
      |        ^~~~~~
/opt/homebrew/Cellar/verilator/5.032/share/verilator/include/verilated_types.h:428:8: note: candidate function (the implicit move assignment operator) not viable: no known conversion from 'VlWide<0>' to 'VlWide<8>' for 1st argument
  428 | struct VlWide final {
      |        ^~~~~~
../rfuzz-harness.cpp:638:41: warning: format specifies type 'unsigned int' but the argument has type 'VlWide<8>' [-Wformat]
  638 | printf("top->%s = 0x%x\n", "data", top->data);
      |                     ~~                  ^~~~
../rfuzz-harness.cpp:670:41: warning: format specifies type 'unsigned int' but the argument has type 'VlWide<8>' [-Wformat]
  670 | printf("top->%s = 0x%x\n", "data", top->data);
      |                     ~~                  ^~~~
../rfuzz-harness.cpp:702:41: warning: format specifies type 'unsigned int' but the argument has type 'VlWide<8>' [-Wformat]
  702 | printf("top->%s = 0x%x\n", "data", top->data);
      |                     ~~                  ^~~~
../rfuzz-harness.cpp:723:40: error: no viable overloaded '='
  723 |                                 top->q = q_wide;
      |                                 ~~~~~~ ^ ~~~~~~
/opt/homebrew/Cellar/verilator/5.032/share/verilator/include/verilated_types.h:428:8: note: candidate function (the implicit copy assignment operator) not viable: no known conversion from 'VlWide<0>' to 'const VlWide<8>' for 1st argument
  428 | struct VlWide final {
      |        ^~~~~~
/opt/homebrew/Cellar/verilator/5.032/share/verilator/include/verilated_types.h:428:8: note: candidate function (the implicit move assignment operator) not viable: no known conversion from 'VlWide<0>' to 'VlWide<8>' for 1st argument
  428 | struct VlWide final {
      |        ^~~~~~
../rfuzz-harness.cpp:752:41: warning: format specifies type 'unsigned int' but the argument has type 'VlWide<8>' [-Wformat]
  752 | printf("top->%s = 0x%x\n", "data", top->data);
      |                     ~~                  ^~~~
../rfuzz-harness.cpp:784:41: warning: format specifies type 'unsigned int' but the argument has type 'VlWide<8>' [-Wformat]
  784 | printf("top->%s = 0x%x\n", "data", top->data);
      |                     ~~                  ^~~~
../rfuzz-harness.cpp:816:41: warning: format specifies type 'unsigned int' but the argument has type 'VlWide<8>' [-Wformat]
  816 | printf("top->%s = 0x%x\n", "data", top->data);
      |                     ~~                  ^~~~
../rfuzz-harness.cpp:848:41: warning: format specifies type 'unsigned int' but the argument has type 'VlWide<8>' [-Wformat]
  848 | printf("top->%s = 0x%x\n", "data", top->data);
      |                     ~~                  ^~~~
../rfuzz-harness.cpp:869:40: error: no viable overloaded '='
  869 |                                 top->q = q_wide;
      |                                 ~~~~~~ ^ ~~~~~~
/opt/homebrew/Cellar/verilator/5.032/share/verilator/include/verilated_types.h:428:8: note: candidate function (the implicit copy assignment operator) not viable: no known conversion from 'VlWide<0>' to 'const VlWide<8>' for 1st argument
  428 | struct VlWide final {
      |        ^~~~~~
/opt/homebrew/Cellar/verilator/5.032/share/verilator/include/verilated_types.h:428:8: note: candidate function (the implicit move assignment operator) not viable: no known conversion from 'VlWide<0>' to 'VlWide<8>' for 1st argument
  428 | struct VlWide final {
      |        ^~~~~~
../rfuzz-harness.cpp:898:41: warning: format specifies type 'unsigned int' but the argument has type 'VlWide<8>' [-Wformat]
  898 | printf("top->%s = 0x%x\n", "data", top->data);
      |                     ~~                  ^~~~
../rfuzz-harness.cpp:930:41: warning: format specifies type 'unsigned int' but the argument has type 'VlWide<8>' [-Wformat]
  930 | printf("top->%s = 0x%x\n", "data", top->data);
      |                     ~~                  ^~~~
../rfuzz-harness.cpp:962:41: warning: format specifies type 'unsigned int' but the argument has type 'VlWide<8>' [-Wformat]
  962 | printf("top->%s = 0x%x\n", "data", top->data);
      |                     ~~                  ^~~~
../rfuzz-harness.cpp:994:41: warning: format specifies type 'unsigned int' but the argument has type 'VlWide<8>' [-Wformat]
  994 | printf("top->%s = 0x%x\n", "data", top->data);
      |                     ~~                  ^~~~
../rfuzz-harness.cpp:1026:41: warning: format specifies type 'unsigned int' but the argument has type 'VlWide<8>' [-Wformat]
 1026 | printf("top->%s = 0x%x\n", "data", top->data);
      |                     ~~                  ^~~~
../rfuzz-harness.cpp:1058:41: warning: format specifies type 'unsigned int' but the argument has type 'VlWide<8>' [-Wformat]
 1058 | printf("top->%s = 0x%x\n", "data", top->data);
      |                     ~~                  ^~~~
../rfuzz-harness.cpp:1079:40: error: no viable overloaded '='
 1079 |                                 top->q = q_wide;
      |                                 ~~~~~~ ^ ~~~~~~
/opt/homebrew/Cellar/verilator/5.032/share/verilator/include/verilated_types.h:428:8: note: candidate function (the implicit copy assignment operator) not viable: no known conversion from 'VlWide<0>' to 'const VlWide<8>' for 1st argument
  428 | struct VlWide final {
      |        ^~~~~~
/opt/homebrew/Cellar/verilator/5.032/share/verilator/include/verilated_types.h:428:8: note: candidate function (the implicit move assignment operator) not viable: no known conversion from 'VlWide<0>' to 'VlWide<8>' for 1st argument
  428 | struct VlWide final {
      |        ^~~~~~
../rfuzz-harness.cpp:1108:41: warning: format specifies type 'unsigned int' but the argument has type 'VlWide<8>' [-Wformat]
 1108 | printf("top->%s = 0x%x\n", "data", top->data);
      |                     ~~                  ^~~~
../rfuzz-harness.cpp:1140:41: warning: format specifies type 'unsigned int' but the argument has type 'VlWide<8>' [-Wformat]
 1140 | printf("top->%s = 0x%x\n", "data", top->data);
      |                     ~~                  ^~~~
../rfuzz-harness.cpp:1172:41: warning: format specifies type 'unsigned int' but the argument has type 'VlWide<8>' [-Wformat]
 1172 | printf("top->%s = 0x%x\n", "data", top->data);
      |                     ~~                  ^~~~
../rfuzz-harness.cpp:1193:40: error: no viable overloaded '='
 1193 |                                 top->q = q_wide;
      |                                 ~~~~~~ ^ ~~~~~~
/opt/homebrew/Cellar/verilator/5.032/share/verilator/include/verilated_types.h:428:8: note: candidate function (the implicit copy assignment operator) not viable: no known conversion from 'VlWide<0>' to 'const VlWide<8>' for 1st argument
  428 | struct VlWide final {
      |        ^~~~~~
/opt/homebrew/Cellar/verilator/5.032/share/verilator/include/verilated_types.h:428:8: note: candidate function (the implicit move assignment operator) not viable: no known conversion from 'VlWide<0>' to 'VlWide<8>' for 1st argument
  428 | struct VlWide final {
      |        ^~~~~~
../rfuzz-harness.cpp:1222:41: warning: format specifies type 'unsigned int' but the argument has type 'VlWide<8>' [-Wformat]
 1222 | printf("top->%s = 0x%x\n", "data", top->data);
      |                     ~~                  ^~~~
../rfuzz-harness.cpp:1254:41: warning: format specifies type 'unsigned int' but the argument has type 'VlWide<8>' [-Wformat]
 1254 | printf("top->%s = 0x%x\n", "data", top->data);
      |                     ~~                  ^~~~
../rfuzz-harness.cpp:1286:41: warning: format specifies type 'unsigned int' but the argument has type 'VlWide<8>' [-Wformat]
 1286 | printf("top->%s = 0x%x\n", "data", top->data);
      |                     ~~                  ^~~~
../rfuzz-harness.cpp:1318:41: warning: format specifies type 'unsigned int' but the argument has type 'VlWide<8>' [-Wformat]
 1318 | printf("top->%s = 0x%x\n", "data", top->data);
      |                     ~~                  ^~~~
../rfuzz-harness.cpp:1339:40: error: no viable overloaded '='
 1339 |                                 top->q = q_wide;
      |                                 ~~~~~~ ^ ~~~~~~
/opt/homebrew/Cellar/verilator/5.032/share/verilator/include/verilated_types.h:428:8: note: candidate function (the implicit copy assignment operator) not viable: no known conversion from 'VlWide<0>' to 'const VlWide<8>' for 1st argument
  428 | struct VlWide final {
      |        ^~~~~~
/opt/homebrew/Cellar/verilator/5.032/share/verilator/include/verilated_types.h:428:8: note: candidate function (the implicit move assignment operator) not viable: no known conversion from 'VlWide<0>' to 'VlWide<8>' for 1st argument
  428 | struct VlWide final {
      |        ^~~~~~
../rfuzz-harness.cpp:1368:41: warning: format specifies type 'unsigned int' but the argument has type 'VlWide<8>' [-Wformat]
 1368 | printf("top->%s = 0x%x\n", "data", top->data);
      |                     ~~                  ^~~~
../rfuzz-harness.cpp:1400:41: warning: format specifies type 'unsigned int' but the argument has type 'VlWide<8>' [-Wformat]
 1400 | printf("top->%s = 0x%x\n", "data", top->data);
      |                     ~~                  ^~~~
../rfuzz-harness.cpp:1432:41: warning: format specifies type 'unsigned int' but the argument has type 'VlWide<8>' [-Wformat]
 1432 | printf("top->%s = 0x%x\n", "data", top->data);
      |                     ~~                  ^~~~
../rfuzz-harness.cpp:1464:41: warning: format specifies type 'unsigned int' but the argument has type 'VlWide<8>' [-Wformat]
 1464 | printf("top->%s = 0x%x\n", "data", top->data);
      |                     ~~                  ^~~~
../rfuzz-harness.cpp:1496:41: warning: format specifies type 'unsigned int' but the argument has type 'VlWide<8>' [-Wformat]
 1496 | printf("top->%s = 0x%x\n", "data", top->data);
      |                     ~~                  ^~~~
../rfuzz-harness.cpp:1528:41: warning: format specifies type 'unsigned int' but the argument has type 'VlWide<8>' [-Wformat]
 1528 | printf("top->%s = 0x%x\n", "data", top->data);
      |                     ~~                  ^~~~
../rfuzz-harness.cpp:1560:41: warning: format specifies type 'unsigned int' but the argument has type 'VlWide<8>' [-Wformat]
 1560 | printf("top->%s = 0x%x\n", "data", top->data);
      |                     ~~                  ^~~~
../rfuzz-harness.cpp:1592:41: warning: format specifies type 'unsigned int' but the argument has type 'VlWide<8>' [-Wformat]
 1592 | printf("top->%s = 0x%x\n", "data", top->data);
      |                     ~~                  ^~~~
44 warnings and 10 errors generated.
make[1]: *** [rfuzz-harness.o] Error 1
make: *** [run] Error 2
