verilator -cc --exe -x-assign fast -Wall --assert --coverage-line -Wno-WIDTHEXPAND -Wno-BLKSEQ -Wno-VARHIDDEN -Wno-WIDTHTRUNC -Wno-UNUSEDSIGNAL -f input.vc top_module.v sim-main.cpp rfuzz-harness.cpp
- V e r i l a t i o n   R e p o r t: Verilator 5.032 2025-01-01 rev UNKNOWN.REV
- Verilator: Built from 0.000 MB sources in 0 modules, into 0.000 MB in 0 C++ files needing 0.000 MB
- Verilator: Walltime 0.001 s (elab=0.000, cvt=0.000, bld=0.000); cpu 0.001 s on 1 threads
cd obj_dir && make -f Vtop_module.mk
make[1]: Nothing to be done for `default'.
obj_dir/Vtop_module
input_vars:
top->reset = 0x0
top->s = 0x0
At 2 clock cycle of 3, top->dfr = 0x1, expected = 0x0
Test failed,unpass = 1 for scenario ResetStateVerification
input_vars:
top->reset = 0x0
top->s = 0x7
At 0 clock cycle of 3, top->fr2 = 0x1, expected = 0x0
input_vars:
top->reset = 0x0
top->s = 0x7
At 0 clock cycle of 3, top->fr1 = 0x1, expected = 0x0
input_vars:
top->reset = 0x0
top->s = 0x7
At 0 clock cycle of 3, top->dfr = 0x0, expected = 0x1
input_vars:
top->reset = 0x0
top->s = 0x7
At 1 clock cycle of 3, top->fr1 = 0x1, expected = 0x0
Test failed,unpass = 4 for scenario WaterLevelAboveHighestSensor
input_vars:
top->reset = 0x0
top->s = 0x3
At 0 clock cycle of 3, top->fr2 = 0x1, expected = 0x0
input_vars:
top->reset = 0x0
top->s = 0x3
At 0 clock cycle of 3, top->dfr = 0x0, expected = 0x1
Test failed,unpass = 2 for scenario WaterLevelBetweenS3andS2
input_vars:
top->reset = 0x0
top->s = 0x1
At 0 clock cycle of 3, top->dfr = 0x0, expected = 0x1
Test failed,unpass = 1 for scenario WaterLevelBetweenS2andS1
input_vars:
top->reset = 0x0
top->s = 0x0
At 0 clock cycle of 3, top->dfr = 0x1, expected = 0x0
input_vars:
top->reset = 0x0
top->s = 0x0
At 1 clock cycle of 3, top->dfr = 0x1, expected = 0x0
input_vars:
top->reset = 0x0
top->s = 0x0
At 2 clock cycle of 3, top->dfr = 0x1, expected = 0x0
Test failed,unpass = 3 for scenario WaterLevelBelowS1
input_vars:
top->reset = 0x0
top->s = 0x0
At 0 clock cycle of 4, top->dfr = 0x1, expected = 0x0
input_vars:
top->reset = 0x0
top->s = 0x0
At 1 clock cycle of 4, top->dfr = 0x1, expected = 0x0
input_vars:
top->reset = 0x0
top->s = 0x1
At 2 clock cycle of 4, top->dfr = 0x0, expected = 0x1
Test failed,unpass = 3 for scenario RisingWaterLevelTransition
input_vars:
top->reset = 0x0
top->s = 0x7
At 0 clock cycle of 4, top->fr2 = 0x1, expected = 0x0
input_vars:
top->reset = 0x0
top->s = 0x7
At 0 clock cycle of 4, top->fr1 = 0x1, expected = 0x0
input_vars:
top->reset = 0x0
top->s = 0x7
At 0 clock cycle of 4, top->dfr = 0x0, expected = 0x1
input_vars:
top->reset = 0x0
top->s = 0x7
At 1 clock cycle of 4, top->fr1 = 0x1, expected = 0x0
Test failed,unpass = 4 for scenario FallingWaterLevelTransition
input_vars:
top->reset = 0x0
top->s = 0x0
At 0 clock cycle of 8, top->dfr = 0x1, expected = 0x0
input_vars:
top->reset = 0x0
top->s = 0x1
At 1 clock cycle of 8, top->dfr = 0x0, expected = 0x1
input_vars:
top->reset = 0x0
top->s = 0x3
At 2 clock cycle of 8, top->dfr = 0x0, expected = 0x1
input_vars:
top->reset = 0x0
top->s = 0x7
At 3 clock cycle of 8, top->dfr = 0x0, expected = 0x1
input_vars:
top->reset = 0x0
top->s = 0x3
At 4 clock cycle of 8, top->dfr = 0x1, expected = 0x0
input_vars:
top->reset = 0x0
top->s = 0x1
At 5 clock cycle of 8, top->dfr = 0x1, expected = 0x0
input_vars:
top->reset = 0x0
top->s = 0x0
At 6 clock cycle of 8, top->dfr = 0x1, expected = 0x0
input_vars:
top->reset = 0x0
top->s = 0x0
At 7 clock cycle of 8, top->dfr = 0x1, expected = 0x0
Test failed,unpass = 8 for scenario MultipleLevelChanges
input_vars:
top->reset = 0x0
top->s = 0x3
At 0 clock cycle of 6, top->fr2 = 0x1, expected = 0x0
input_vars:
top->reset = 0x0
top->s = 0x3
At 0 clock cycle of 6, top->dfr = 0x0, expected = 0x1
input_vars:
top->reset = 0x0
top->s = 0x3
At 4 clock cycle of 6, top->fr2 = 0x1, expected = 0x0
input_vars:
top->reset = 0x0
top->s = 0x3
At 4 clock cycle of 6, top->dfr = 0x0, expected = 0x1
Test failed,unpass = 4 for scenario ResetDuringOperation
sim finished
Unpass: 4
make: *** [run] Error 4
