verilator -cc --exe -x-assign fast -Wall --assert --coverage-line -Wno-WIDTHEXPAND -Wno-BLKSEQ -Wno-VARHIDDEN -Wno-WIDTHTRUNC -Wno-UNUSEDSIGNAL -f input.vc top_module.v sim-main.cpp rfuzz-harness.cpp
- V e r i l a t i o n   R e p o r t: Verilator 5.032 2025-01-01 rev UNKNOWN.REV
- Verilator: Built from 0.000 MB sources in 0 modules, into 0.000 MB in 0 C++ files needing 0.000 MB
- Verilator: Walltime 0.001 s (elab=0.000, cvt=0.000, bld=0.000); cpu 0.001 s on 1 threads
cd obj_dir && make -f Vtop_module.mk
make[1]: Nothing to be done for `default'.
obj_dir/Vtop_module
input_vars:
top->areset = 0x0
top->train_valid = 0x1
top->train_taken = 0x1
At 0 clock cycle of 5, top->state = 0x1, expected = 0x2
input_vars:
top->areset = 0x0
top->train_valid = 0x1
top->train_taken = 0x1
At 1 clock cycle of 5, top->state = 0x2, expected = 0x3
Test failed,unpass = 2 for scenario IncrementUntilSaturation
Test passed for scenario DecrementUntilSaturation
input_vars:
top->areset = 0x0
top->train_valid = 0x0
top->train_taken = 0x1
At 0 clock cycle of 4, top->state = 0x0, expected = 0x1
input_vars:
top->areset = 0x0
top->train_valid = 0x0
top->train_taken = 0x0
At 1 clock cycle of 4, top->state = 0x0, expected = 0x1
input_vars:
top->areset = 0x0
top->train_valid = 0x0
top->train_taken = 0x1
At 2 clock cycle of 4, top->state = 0x0, expected = 0x1
input_vars:
top->areset = 0x0
top->train_valid = 0x0
top->train_taken = 0x0
At 3 clock cycle of 4, top->state = 0x0, expected = 0x1
Test failed,unpass = 4 for scenario HoldValueWhenNotTraining
input_vars:
top->areset = 0x0
top->train_valid = 0x1
top->train_taken = 0x1
At 0 clock cycle of 5, top->state = 0x1, expected = 0x2
Test failed,unpass = 1 for scenario AsynchronousResetOperation
input_vars:
top->areset = 0x0
top->train_valid = 0x1
top->train_taken = 0x1
At 0 clock cycle of 6, top->state = 0x1, expected = 0x2
input_vars:
top->areset = 0x0
top->train_valid = 0x1
top->train_taken = 0x1
At 1 clock cycle of 6, top->state = 0x2, expected = 0x3
input_vars:
top->areset = 0x0
top->train_valid = 0x1
top->train_taken = 0x0
At 2 clock cycle of 6, top->state = 0x1, expected = 0x2
input_vars:
top->areset = 0x0
top->train_valid = 0x1
top->train_taken = 0x0
At 3 clock cycle of 6, top->state = 0x0, expected = 0x1
input_vars:
top->areset = 0x0
top->train_valid = 0x1
top->train_taken = 0x1
At 4 clock cycle of 6, top->state = 0x1, expected = 0x2
input_vars:
top->areset = 0x0
top->train_valid = 0x1
top->train_taken = 0x1
At 5 clock cycle of 6, top->state = 0x2, expected = 0x3
Test failed,unpass = 6 for scenario IncrementDecrementSequence
input_vars:
top->areset = 0x0
top->train_valid = 0x1
top->train_taken = 0x1
At 0 clock cycle of 6, top->state = 0x1, expected = 0x2
input_vars:
top->areset = 0x0
top->train_valid = 0x1
top->train_taken = 0x1
At 1 clock cycle of 6, top->state = 0x2, expected = 0x3
Test failed,unpass = 2 for scenario MaximumValueSaturation
Test passed for scenario MinimumValueSaturation
input_vars:
top->areset = 0x0
top->train_valid = 0x1
top->train_taken = 0x1
At 0 clock cycle of 6, top->state = 0x1, expected = 0x2
input_vars:
top->areset = 0x0
top->train_valid = 0x1
top->train_taken = 0x1
At 1 clock cycle of 6, top->state = 0x2, expected = 0x3
Test failed,unpass = 2 for scenario ResetDuringOperation
sim finished
Unpass: 2
make: *** [run] Error 2
